[0.442s] Invoking command in '/home/nfl/Desktop/rosboard-main': PYTHONPATH=/home/nfl/Desktop/rosboard-main/build/rosboard/prefix_override:/usr/lib/python3/dist-packages/colcon_core/task/python/colcon_distutils_commands:/home/nfl/Desktop/rosboard-main/install/rosboard/lib/python3.10/site-packages:${PYTHONPATH} /usr/bin/python3 -W ignore:setup.py install is deprecated -W ignore:easy_install command is deprecated setup.py egg_info --egg-base build/rosboard build --build-base /home/nfl/Desktop/rosboard-main/build/rosboard/build install --record /home/nfl/Desktop/rosboard-main/build/rosboard/install.log --single-version-externally-managed install_data
[0.611s] running egg_info
[0.611s] creating build/rosboard/rosboard.egg-info
[0.612s] writing build/rosboard/rosboard.egg-info/PKG-INFO
[0.612s] writing dependency_links to build/rosboard/rosboard.egg-info/dependency_links.txt
[0.612s] writing entry points to build/rosboard/rosboard.egg-info/entry_points.txt
[0.612s] writing requirements to build/rosboard/rosboard.egg-info/requires.txt
[0.612s] writing top-level names to build/rosboard/rosboard.egg-info/top_level.txt
[0.612s] writing manifest file 'build/rosboard/rosboard.egg-info/SOURCES.txt'
[0.614s] reading manifest file 'build/rosboard/rosboard.egg-info/SOURCES.txt'
[0.614s] adding license file 'LICENSE'
[0.615s] writing manifest file 'build/rosboard/rosboard.egg-info/SOURCES.txt'
[0.615s] running build
[0.615s] running build_py
[0.615s] creating /home/nfl/Desktop/rosboard-main/build/rosboard/build
[0.615s] creating /home/nfl/Desktop/rosboard-main/build/rosboard/build/lib
[0.615s] creating /home/nfl/Desktop/rosboard-main/build/rosboard/build/lib/rosboard
[0.615s] copying rosboard/cv_bridge.py -> /home/nfl/Desktop/rosboard-main/build/rosboard/build/lib/rosboard
[0.615s] copying rosboard/serialization.py -> /home/nfl/Desktop/rosboard-main/build/rosboard/build/lib/rosboard
[0.615s] copying rosboard/compression.py -> /home/nfl/Desktop/rosboard-main/build/rosboard/build/lib/rosboard
[0.615s] copying rosboard/__init__.py -> /home/nfl/Desktop/rosboard-main/build/rosboard/build/lib/rosboard
[0.616s] copying rosboard/message_serialization.py -> /home/nfl/Desktop/rosboard-main/build/rosboard/build/lib/rosboard
[0.616s] copying rosboard/handlers.py -> /home/nfl/Desktop/rosboard-main/build/rosboard/build/lib/rosboard
[0.616s] copying rosboard/rosboard.py -> /home/nfl/Desktop/rosboard-main/build/rosboard/build/lib/rosboard
[0.616s] creating /home/nfl/Desktop/rosboard-main/build/rosboard/build/lib/rosboard/rospy2
[0.616s] copying rosboard/rospy2/constants.py -> /home/nfl/Desktop/rosboard-main/build/rosboard/build/lib/rosboard/rospy2
[0.616s] copying rosboard/rospy2/__init__.py -> /home/nfl/Desktop/rosboard-main/build/rosboard/build/lib/rosboard/rospy2
[0.616s] creating /home/nfl/Desktop/rosboard-main/build/rosboard/build/lib/rosboard/subscribers
[0.616s] copying rosboard/subscribers/processes_subscriber.py -> /home/nfl/Desktop/rosboard-main/build/rosboard/build/lib/rosboard/subscribers
[0.616s] copying rosboard/subscribers/dmesg_subscriber.py -> /home/nfl/Desktop/rosboard-main/build/rosboard/build/lib/rosboard/subscribers
[0.616s] copying rosboard/subscribers/__init__.py -> /home/nfl/Desktop/rosboard-main/build/rosboard/build/lib/rosboard/subscribers
[0.616s] copying rosboard/subscribers/dummy_subscriber.py -> /home/nfl/Desktop/rosboard-main/build/rosboard/build/lib/rosboard/subscribers
[0.616s] copying rosboard/subscribers/system_stats_subscriber.py -> /home/nfl/Desktop/rosboard-main/build/rosboard/build/lib/rosboard/subscribers
[0.616s] creating /home/nfl/Desktop/rosboard-main/build/rosboard/build/lib/rosboard/html
[0.616s] copying rosboard/html/jancuk.html -> /home/nfl/Desktop/rosboard-main/build/rosboard/build/lib/rosboard/html
[0.616s] copying rosboard/html/ros_interface.js -> /home/nfl/Desktop/rosboard-main/build/rosboard/build/lib/rosboard/html
[0.616s] copying rosboard/html/ayam.html -> /home/nfl/Desktop/rosboard-main/build/rosboard/build/lib/rosboard/html
[0.616s] creating /home/nfl/Desktop/rosboard-main/build/rosboard/build/lib/rosboard/html/fonts
[0.616s] copying rosboard/html/fonts/MaterialIcons-Regular.woff2 -> /home/nfl/Desktop/rosboard-main/build/rosboard/build/lib/rosboard/html/fonts
[0.616s] copying rosboard/html/fonts/titillium-web-v10-latin-700.woff -> /home/nfl/Desktop/rosboard-main/build/rosboard/build/lib/rosboard/html/fonts
[0.616s] copying rosboard/html/fonts/jetbrains-mono-v6-latin-700.eot -> /home/nfl/Desktop/rosboard-main/build/rosboard/build/lib/rosboard/html/fonts
[0.616s] copying rosboard/html/fonts/jetbrains-mono-v6-latin-300.svg -> /home/nfl/Desktop/rosboard-main/build/rosboard/build/lib/rosboard/html/fonts
[0.616s] copying rosboard/html/fonts/titillium-web-v10-latin-300.woff2 -> /home/nfl/Desktop/rosboard-main/build/rosboard/build/lib/rosboard/html/fonts
[0.616s] copying rosboard/html/fonts/jetbrains-mono-v6-latin-300.ttf -> /home/nfl/Desktop/rosboard-main/build/rosboard/build/lib/rosboard/html/fonts
[0.616s] copying rosboard/html/fonts/titillium-web-v10-latin-700.eot -> /home/nfl/Desktop/rosboard-main/build/rosboard/build/lib/rosboard/html/fonts
[0.616s] copying rosboard/html/fonts/titillium-web-v10-latin-300.ttf -> /home/nfl/Desktop/rosboard-main/build/rosboard/build/lib/rosboard/html/fonts
[0.616s] copying rosboard/html/fonts/jetbrains-mono-v6-latin-300.woff2 -> /home/nfl/Desktop/rosboard-main/build/rosboard/build/lib/rosboard/html/fonts
[0.616s] copying rosboard/html/fonts/titillium-web-v10-latin-300.svg -> /home/nfl/Desktop/rosboard-main/build/rosboard/build/lib/rosboard/html/fonts
[0.617s] copying rosboard/html/fonts/titillium-web-v10-latin-700.svg -> /home/nfl/Desktop/rosboard-main/build/rosboard/build/lib/rosboard/html/fonts
[0.617s] copying rosboard/html/fonts/MaterialIcons-Regular.ijmap -> /home/nfl/Desktop/rosboard-main/build/rosboard/build/lib/rosboard/html/fonts
[0.617s] copying rosboard/html/fonts/titillium-web-v10-latin-300.eot -> /home/nfl/Desktop/rosboard-main/build/rosboard/build/lib/rosboard/html/fonts
[0.617s] copying rosboard/html/fonts/titillium-web-v10-latin-300.woff -> /home/nfl/Desktop/rosboard-main/build/rosboard/build/lib/rosboard/html/fonts
[0.617s] copying rosboard/html/fonts/jetbrains-mono-v6-latin-700.woff2 -> /home/nfl/Desktop/rosboard-main/build/rosboard/build/lib/rosboard/html/fonts
[0.617s] copying rosboard/html/fonts/titillium-web-v10-latin-700.ttf -> /home/nfl/Desktop/rosboard-main/build/rosboard/build/lib/rosboard/html/fonts
[0.617s] copying rosboard/html/fonts/MaterialIcons-Regular.ttf -> /home/nfl/Desktop/rosboard-main/build/rosboard/build/lib/rosboard/html/fonts
[0.617s] copying rosboard/html/fonts/jetbrains-mono-v6-latin-300.eot -> /home/nfl/Desktop/rosboard-main/build/rosboard/build/lib/rosboard/html/fonts
[0.617s] copying rosboard/html/fonts/jetbrains-mono-v6-latin-700.ttf -> /home/nfl/Desktop/rosboard-main/build/rosboard/build/lib/rosboard/html/fonts
[0.617s] copying rosboard/html/fonts/titillium-web-v10-latin-700.woff2 -> /home/nfl/Desktop/rosboard-main/build/rosboard/build/lib/rosboard/html/fonts
[0.617s] copying rosboard/html/fonts/jetbrains-mono-v6-latin-700.svg -> /home/nfl/Desktop/rosboard-main/build/rosboard/build/lib/rosboard/html/fonts
[0.617s] copying rosboard/html/fonts/MaterialIcons-Regular.svg -> /home/nfl/Desktop/rosboard-main/build/rosboard/build/lib/rosboard/html/fonts
[0.617s] copying rosboard/html/fonts/MaterialIcons-Regular.eot -> /home/nfl/Desktop/rosboard-main/build/rosboard/build/lib/rosboard/html/fonts
[0.617s] copying rosboard/html/fonts/jetbrains-mono-v6-latin-300.woff -> /home/nfl/Desktop/rosboard-main/build/rosboard/build/lib/rosboard/html/fonts
[0.617s] copying rosboard/html/fonts/MaterialIcons-Regular.woff -> /home/nfl/Desktop/rosboard-main/build/rosboard/build/lib/rosboard/html/fonts
[0.617s] copying rosboard/html/fonts/jetbrains-mono-v6-latin-700.woff -> /home/nfl/Desktop/rosboard-main/build/rosboard/build/lib/rosboard/html/fonts
[0.617s] creating /home/nfl/Desktop/rosboard-main/build/rosboard/build/lib/rosboard/html/css
[0.617s] copying rosboard/html/css/uPlot.min.css -> /home/nfl/Desktop/rosboard-main/build/rosboard/build/lib/rosboard/html/css
[0.617s] copying rosboard/html/css/leaflet.css -> /home/nfl/Desktop/rosboard-main/build/rosboard/build/lib/rosboard/html/css
[0.617s] copying rosboard/html/css/material.indigo-blue.min.css -> /home/nfl/Desktop/rosboard-main/build/rosboard/build/lib/rosboard/html/css
[0.618s] copying rosboard/html/css/index.css -> /home/nfl/Desktop/rosboard-main/build/rosboard/build/lib/rosboard/html/css
[0.618s] copying rosboard/html/css/material-icons.css -> /home/nfl/Desktop/rosboard-main/build/rosboard/build/lib/rosboard/html/css
[0.618s] copying rosboard/html/css/material.light_green-lime.min.css -> /home/nfl/Desktop/rosboard-main/build/rosboard/build/lib/rosboard/html/css
[0.618s] copying rosboard/html/css/material.blue_grey-indigo.min.css -> /home/nfl/Desktop/rosboard-main/build/rosboard/build/lib/rosboard/html/css
[0.618s] copying rosboard/html/css/leaflet.easy-button.css -> /home/nfl/Desktop/rosboard-main/build/rosboard/build/lib/rosboard/html/css
[0.618s] creating /home/nfl/Desktop/rosboard-main/build/rosboard/build/lib/rosboard/html/css/images
[0.618s] copying rosboard/html/css/images/layers-2x.png -> /home/nfl/Desktop/rosboard-main/build/rosboard/build/lib/rosboard/html/css/images
[0.618s] copying rosboard/html/css/images/marker-icon-2x.png -> /home/nfl/Desktop/rosboard-main/build/rosboard/build/lib/rosboard/html/css/images
[0.618s] copying rosboard/html/css/images/layers.png -> /home/nfl/Desktop/rosboard-main/build/rosboard/build/lib/rosboard/html/css/images
[0.618s] copying rosboard/html/css/images/marker-shadow.png -> /home/nfl/Desktop/rosboard-main/build/rosboard/build/lib/rosboard/html/css/images
[0.618s] copying rosboard/html/css/images/marker-icon.png -> /home/nfl/Desktop/rosboard-main/build/rosboard/build/lib/rosboard/html/css/images
[0.618s] creating /home/nfl/Desktop/rosboard-main/build/rosboard/build/lib/rosboard/html/js
[0.618s] copying rosboard/html/js/leaflet.js -> /home/nfl/Desktop/rosboard-main/build/rosboard/build/lib/rosboard/html/js
[0.618s] copying rosboard/html/js/leaflet-src.esm.js -> /home/nfl/Desktop/rosboard-main/build/rosboard/build/lib/rosboard/html/js
[0.618s] copying rosboard/html/js/jquery.transit.min.js -> /home/nfl/Desktop/rosboard-main/build/rosboard/build/lib/rosboard/html/js
[0.619s] copying rosboard/html/js/leaflet-src.js.map -> /home/nfl/Desktop/rosboard-main/build/rosboard/build/lib/rosboard/html/js
[0.619s] copying rosboard/html/js/json5.min.js -> /home/nfl/Desktop/rosboard-main/build/rosboard/build/lib/rosboard/html/js
[0.619s] copying rosboard/html/js/material.min.js.map -> /home/nfl/Desktop/rosboard-main/build/rosboard/build/lib/rosboard/html/js
[0.619s] copying rosboard/html/js/gl-matrix.js -> /home/nfl/Desktop/rosboard-main/build/rosboard/build/lib/rosboard/html/js
[0.619s] copying rosboard/html/js/leaflet.js.map -> /home/nfl/Desktop/rosboard-main/build/rosboard/build/lib/rosboard/html/js
[0.619s] copying rosboard/html/js/litegl.min.js -> /home/nfl/Desktop/rosboard-main/build/rosboard/build/lib/rosboard/html/js
[0.620s] copying rosboard/html/js/masonry.pkgd.min.js -> /home/nfl/Desktop/rosboard-main/build/rosboard/build/lib/rosboard/html/js
[0.620s] copying rosboard/html/js/leaflet.easy-button.js -> /home/nfl/Desktop/rosboard-main/build/rosboard/build/lib/rosboard/html/js
[0.620s] copying rosboard/html/js/draggabilly.pkgd.min.js -> /home/nfl/Desktop/rosboard-main/build/rosboard/build/lib/rosboard/html/js
[0.620s] copying rosboard/html/js/jquery-3.1.0.min.js -> /home/nfl/Desktop/rosboard-main/build/rosboard/build/lib/rosboard/html/js
[0.620s] copying rosboard/html/js/uPlot.iife.min.js -> /home/nfl/Desktop/rosboard-main/build/rosboard/build/lib/rosboard/html/js
[0.620s] copying rosboard/html/js/rosbag.js -> /home/nfl/Desktop/rosboard-main/build/rosboard/build/lib/rosboard/html/js
[0.620s] copying rosboard/html/js/material.min.js -> /home/nfl/Desktop/rosboard-main/build/rosboard/build/lib/rosboard/html/js
[0.620s] copying rosboard/html/js/eventemitter2.min.js -> /home/nfl/Desktop/rosboard-main/build/rosboard/build/lib/rosboard/html/js
[0.620s] copying rosboard/html/js/import-helper.js -> /home/nfl/Desktop/rosboard-main/build/rosboard/build/lib/rosboard/html/js
[0.620s] copying rosboard/html/js/leaflet-src.esm.js.map -> /home/nfl/Desktop/rosboard-main/build/rosboard/build/lib/rosboard/html/js
[0.621s] copying rosboard/html/js/index.js -> /home/nfl/Desktop/rosboard-main/build/rosboard/build/lib/rosboard/html/js
[0.621s] copying rosboard/html/js/leaflet-src.js -> /home/nfl/Desktop/rosboard-main/build/rosboard/build/lib/rosboard/html/js
[0.621s] creating /home/nfl/Desktop/rosboard-main/build/rosboard/build/lib/rosboard/html/js/viewers
[0.621s] copying rosboard/html/js/viewers/TimeSeriesPlotViewer.js -> /home/nfl/Desktop/rosboard-main/build/rosboard/build/lib/rosboard/html/js/viewers
[0.621s] copying rosboard/html/js/viewers/LaserScanViewer.js -> /home/nfl/Desktop/rosboard-main/build/rosboard/build/lib/rosboard/html/js/viewers
[0.621s] copying rosboard/html/js/viewers/ImageViewer.js -> /home/nfl/Desktop/rosboard-main/build/rosboard/build/lib/rosboard/html/js/viewers
[0.621s] copying rosboard/html/js/viewers/ProcessListViewer.js -> /home/nfl/Desktop/rosboard-main/build/rosboard/build/lib/rosboard/html/js/viewers
[0.621s] copying rosboard/html/js/viewers/PointCloud2Viewer.js -> /home/nfl/Desktop/rosboard-main/build/rosboard/build/lib/rosboard/html/js/viewers
[0.621s] copying rosboard/html/js/viewers/LogViewer.js -> /home/nfl/Desktop/rosboard-main/build/rosboard/build/lib/rosboard/html/js/viewers
[0.621s] copying rosboard/html/js/viewers/GeometryViewer.js -> /home/nfl/Desktop/rosboard-main/build/rosboard/build/lib/rosboard/html/js/viewers
[0.621s] copying rosboard/html/js/viewers/DiagnosticViewer.js -> /home/nfl/Desktop/rosboard-main/build/rosboard/build/lib/rosboard/html/js/viewers
[0.621s] copying rosboard/html/js/viewers/GenericViewer.js -> /home/nfl/Desktop/rosboard-main/build/rosboard/build/lib/rosboard/html/js/viewers
[0.621s] copying rosboard/html/js/viewers/PolygonViewer.js -> /home/nfl/Desktop/rosboard-main/build/rosboard/build/lib/rosboard/html/js/viewers
[0.621s] copying rosboard/html/js/viewers/MapViewer.js -> /home/nfl/Desktop/rosboard-main/build/rosboard/build/lib/rosboard/html/js/viewers
[0.621s] creating /home/nfl/Desktop/rosboard-main/build/rosboard/build/lib/rosboard/html/js/viewers/meta
[0.621s] copying rosboard/html/js/viewers/meta/Viewer.js -> /home/nfl/Desktop/rosboard-main/build/rosboard/build/lib/rosboard/html/js/viewers/meta
[0.621s] copying rosboard/html/js/viewers/meta/Space3DViewer.js -> /home/nfl/Desktop/rosboard-main/build/rosboard/build/lib/rosboard/html/js/viewers/meta
[0.622s] copying rosboard/html/js/viewers/meta/Space2DViewer.js -> /home/nfl/Desktop/rosboard-main/build/rosboard/build/lib/rosboard/html/js/viewers/meta
[0.622s] creating /home/nfl/Desktop/rosboard-main/build/rosboard/build/lib/rosboard/html/js/transports
[0.622s] copying rosboard/html/js/transports/RosbagTransport.js -> /home/nfl/Desktop/rosboard-main/build/rosboard/build/lib/rosboard/html/js/transports
[0.622s] copying rosboard/html/js/transports/WebSocketV1Transport.js -> /home/nfl/Desktop/rosboard-main/build/rosboard/build/lib/rosboard/html/js/transports
[0.622s] copying rosboard/html/js/transports/Rosbag2Transport.js -> /home/nfl/Desktop/rosboard-main/build/rosboard/build/lib/rosboard/html/js/transports
[0.622s] copying rosboard/html/js/transports/DeviceSensorTransport.js -> /home/nfl/Desktop/rosboard-main/build/rosboard/build/lib/rosboard/html/js/transports
[0.622s] copying rosboard/html/js/transports/RosBridgeTransport.js -> /home/nfl/Desktop/rosboard-main/build/rosboard/build/lib/rosboard/html/js/transports
[0.622s] running install
[0.622s] running install_lib
[0.623s] creating /home/nfl/Desktop/rosboard-main/install/rosboard/lib/python3.10/site-packages/rosboard
[0.623s] copying /home/nfl/Desktop/rosboard-main/build/rosboard/build/lib/rosboard/cv_bridge.py -> /home/nfl/Desktop/rosboard-main/install/rosboard/lib/python3.10/site-packages/rosboard
[0.623s] copying /home/nfl/Desktop/rosboard-main/build/rosboard/build/lib/rosboard/serialization.py -> /home/nfl/Desktop/rosboard-main/install/rosboard/lib/python3.10/site-packages/rosboard
[0.623s] creating /home/nfl/Desktop/rosboard-main/install/rosboard/lib/python3.10/site-packages/rosboard/rospy2
[0.623s] copying /home/nfl/Desktop/rosboard-main/build/rosboard/build/lib/rosboard/rospy2/constants.py -> /home/nfl/Desktop/rosboard-main/install/rosboard/lib/python3.10/site-packages/rosboard/rospy2
[0.623s] copying /home/nfl/Desktop/rosboard-main/build/rosboard/build/lib/rosboard/rospy2/__init__.py -> /home/nfl/Desktop/rosboard-main/install/rosboard/lib/python3.10/site-packages/rosboard/rospy2
[0.623s] copying /home/nfl/Desktop/rosboard-main/build/rosboard/build/lib/rosboard/compression.py -> /home/nfl/Desktop/rosboard-main/install/rosboard/lib/python3.10/site-packages/rosboard
[0.623s] creating /home/nfl/Desktop/rosboard-main/install/rosboard/lib/python3.10/site-packages/rosboard/subscribers
[0.623s] copying /home/nfl/Desktop/rosboard-main/build/rosboard/build/lib/rosboard/subscribers/processes_subscriber.py -> /home/nfl/Desktop/rosboard-main/install/rosboard/lib/python3.10/site-packages/rosboard/subscribers
[0.623s] copying /home/nfl/Desktop/rosboard-main/build/rosboard/build/lib/rosboard/subscribers/dmesg_subscriber.py -> /home/nfl/Desktop/rosboard-main/install/rosboard/lib/python3.10/site-packages/rosboard/subscribers
[0.623s] copying /home/nfl/Desktop/rosboard-main/build/rosboard/build/lib/rosboard/subscribers/__init__.py -> /home/nfl/Desktop/rosboard-main/install/rosboard/lib/python3.10/site-packages/rosboard/subscribers
[0.623s] copying /home/nfl/Desktop/rosboard-main/build/rosboard/build/lib/rosboard/subscribers/dummy_subscriber.py -> /home/nfl/Desktop/rosboard-main/install/rosboard/lib/python3.10/site-packages/rosboard/subscribers
[0.623s] copying /home/nfl/Desktop/rosboard-main/build/rosboard/build/lib/rosboard/subscribers/system_stats_subscriber.py -> /home/nfl/Desktop/rosboard-main/install/rosboard/lib/python3.10/site-packages/rosboard/subscribers
[0.623s] copying /home/nfl/Desktop/rosboard-main/build/rosboard/build/lib/rosboard/__init__.py -> /home/nfl/Desktop/rosboard-main/install/rosboard/lib/python3.10/site-packages/rosboard
[0.623s] copying /home/nfl/Desktop/rosboard-main/build/rosboard/build/lib/rosboard/message_serialization.py -> /home/nfl/Desktop/rosboard-main/install/rosboard/lib/python3.10/site-packages/rosboard
[0.623s] creating /home/nfl/Desktop/rosboard-main/install/rosboard/lib/python3.10/site-packages/rosboard/html
[0.623s] creating /home/nfl/Desktop/rosboard-main/install/rosboard/lib/python3.10/site-packages/rosboard/html/css
[0.623s] copying /home/nfl/Desktop/rosboard-main/build/rosboard/build/lib/rosboard/html/css/uPlot.min.css -> /home/nfl/Desktop/rosboard-main/install/rosboard/lib/python3.10/site-packages/rosboard/html/css
[0.623s] copying /home/nfl/Desktop/rosboard-main/build/rosboard/build/lib/rosboard/html/css/leaflet.css -> /home/nfl/Desktop/rosboard-main/install/rosboard/lib/python3.10/site-packages/rosboard/html/css
[0.623s] creating /home/nfl/Desktop/rosboard-main/install/rosboard/lib/python3.10/site-packages/rosboard/html/css/images
[0.624s] copying /home/nfl/Desktop/rosboard-main/build/rosboard/build/lib/rosboard/html/css/images/layers-2x.png -> /home/nfl/Desktop/rosboard-main/install/rosboard/lib/python3.10/site-packages/rosboard/html/css/images
[0.624s] copying /home/nfl/Desktop/rosboard-main/build/rosboard/build/lib/rosboard/html/css/images/marker-icon-2x.png -> /home/nfl/Desktop/rosboard-main/install/rosboard/lib/python3.10/site-packages/rosboard/html/css/images
[0.624s] copying /home/nfl/Desktop/rosboard-main/build/rosboard/build/lib/rosboard/html/css/images/layers.png -> /home/nfl/Desktop/rosboard-main/install/rosboard/lib/python3.10/site-packages/rosboard/html/css/images
[0.624s] copying /home/nfl/Desktop/rosboard-main/build/rosboard/build/lib/rosboard/html/css/images/marker-shadow.png -> /home/nfl/Desktop/rosboard-main/install/rosboard/lib/python3.10/site-packages/rosboard/html/css/images
[0.624s] copying /home/nfl/Desktop/rosboard-main/build/rosboard/build/lib/rosboard/html/css/images/marker-icon.png -> /home/nfl/Desktop/rosboard-main/install/rosboard/lib/python3.10/site-packages/rosboard/html/css/images
[0.624s] copying /home/nfl/Desktop/rosboard-main/build/rosboard/build/lib/rosboard/html/css/material.indigo-blue.min.css -> /home/nfl/Desktop/rosboard-main/install/rosboard/lib/python3.10/site-packages/rosboard/html/css
[0.624s] copying /home/nfl/Desktop/rosboard-main/build/rosboard/build/lib/rosboard/html/css/index.css -> /home/nfl/Desktop/rosboard-main/install/rosboard/lib/python3.10/site-packages/rosboard/html/css
[0.624s] copying /home/nfl/Desktop/rosboard-main/build/rosboard/build/lib/rosboard/html/css/material-icons.css -> /home/nfl/Desktop/rosboard-main/install/rosboard/lib/python3.10/site-packages/rosboard/html/css
[0.624s] copying /home/nfl/Desktop/rosboard-main/build/rosboard/build/lib/rosboard/html/css/material.light_green-lime.min.css -> /home/nfl/Desktop/rosboard-main/install/rosboard/lib/python3.10/site-packages/rosboard/html/css
[0.624s] copying /home/nfl/Desktop/rosboard-main/build/rosboard/build/lib/rosboard/html/css/material.blue_grey-indigo.min.css -> /home/nfl/Desktop/rosboard-main/install/rosboard/lib/python3.10/site-packages/rosboard/html/css
[0.624s] copying /home/nfl/Desktop/rosboard-main/build/rosboard/build/lib/rosboard/html/css/leaflet.easy-button.css -> /home/nfl/Desktop/rosboard-main/install/rosboard/lib/python3.10/site-packages/rosboard/html/css
[0.624s] copying /home/nfl/Desktop/rosboard-main/build/rosboard/build/lib/rosboard/html/jancuk.html -> /home/nfl/Desktop/rosboard-main/install/rosboard/lib/python3.10/site-packages/rosboard/html
[0.624s] creating /home/nfl/Desktop/rosboard-main/install/rosboard/lib/python3.10/site-packages/rosboard/html/fonts
[0.624s] copying /home/nfl/Desktop/rosboard-main/build/rosboard/build/lib/rosboard/html/fonts/MaterialIcons-Regular.woff2 -> /home/nfl/Desktop/rosboard-main/install/rosboard/lib/python3.10/site-packages/rosboard/html/fonts
[0.624s] copying /home/nfl/Desktop/rosboard-main/build/rosboard/build/lib/rosboard/html/fonts/titillium-web-v10-latin-700.woff -> /home/nfl/Desktop/rosboard-main/install/rosboard/lib/python3.10/site-packages/rosboard/html/fonts
[0.624s] copying /home/nfl/Desktop/rosboard-main/build/rosboard/build/lib/rosboard/html/fonts/jetbrains-mono-v6-latin-700.eot -> /home/nfl/Desktop/rosboard-main/install/rosboard/lib/python3.10/site-packages/rosboard/html/fonts
[0.624s] copying /home/nfl/Desktop/rosboard-main/build/rosboard/build/lib/rosboard/html/fonts/jetbrains-mono-v6-latin-300.svg -> /home/nfl/Desktop/rosboard-main/install/rosboard/lib/python3.10/site-packages/rosboard/html/fonts
[0.624s] copying /home/nfl/Desktop/rosboard-main/build/rosboard/build/lib/rosboard/html/fonts/titillium-web-v10-latin-300.woff2 -> /home/nfl/Desktop/rosboard-main/install/rosboard/lib/python3.10/site-packages/rosboard/html/fonts
[0.624s] copying /home/nfl/Desktop/rosboard-main/build/rosboard/build/lib/rosboard/html/fonts/jetbrains-mono-v6-latin-300.ttf -> /home/nfl/Desktop/rosboard-main/install/rosboard/lib/python3.10/site-packages/rosboard/html/fonts
[0.624s] copying /home/nfl/Desktop/rosboard-main/build/rosboard/build/lib/rosboard/html/fonts/titillium-web-v10-latin-700.eot -> /home/nfl/Desktop/rosboard-main/install/rosboard/lib/python3.10/site-packages/rosboard/html/fonts
[0.624s] copying /home/nfl/Desktop/rosboard-main/build/rosboard/build/lib/rosboard/html/fonts/titillium-web-v10-latin-300.ttf -> /home/nfl/Desktop/rosboard-main/install/rosboard/lib/python3.10/site-packages/rosboard/html/fonts
[0.624s] copying /home/nfl/Desktop/rosboard-main/build/rosboard/build/lib/rosboard/html/fonts/jetbrains-mono-v6-latin-300.woff2 -> /home/nfl/Desktop/rosboard-main/install/rosboard/lib/python3.10/site-packages/rosboard/html/fonts
[0.624s] copying /home/nfl/Desktop/rosboard-main/build/rosboard/build/lib/rosboard/html/fonts/titillium-web-v10-latin-300.svg -> /home/nfl/Desktop/rosboard-main/install/rosboard/lib/python3.10/site-packages/rosboard/html/fonts
[0.625s] copying /home/nfl/Desktop/rosboard-main/build/rosboard/build/lib/rosboard/html/fonts/titillium-web-v10-latin-700.svg -> /home/nfl/Desktop/rosboard-main/install/rosboard/lib/python3.10/site-packages/rosboard/html/fonts
[0.625s] copying /home/nfl/Desktop/rosboard-main/build/rosboard/build/lib/rosboard/html/fonts/MaterialIcons-Regular.ijmap -> /home/nfl/Desktop/rosboard-main/install/rosboard/lib/python3.10/site-packages/rosboard/html/fonts
[0.625s] copying /home/nfl/Desktop/rosboard-main/build/rosboard/build/lib/rosboard/html/fonts/titillium-web-v10-latin-300.eot -> /home/nfl/Desktop/rosboard-main/install/rosboard/lib/python3.10/site-packages/rosboard/html/fonts
[0.625s] copying /home/nfl/Desktop/rosboard-main/build/rosboard/build/lib/rosboard/html/fonts/titillium-web-v10-latin-300.woff -> /home/nfl/Desktop/rosboard-main/install/rosboard/lib/python3.10/site-packages/rosboard/html/fonts
[0.625s] copying /home/nfl/Desktop/rosboard-main/build/rosboard/build/lib/rosboard/html/fonts/jetbrains-mono-v6-latin-700.woff2 -> /home/nfl/Desktop/rosboard-main/install/rosboard/lib/python3.10/site-packages/rosboard/html/fonts
[0.625s] copying /home/nfl/Desktop/rosboard-main/build/rosboard/build/lib/rosboard/html/fonts/titillium-web-v10-latin-700.ttf -> /home/nfl/Desktop/rosboard-main/install/rosboard/lib/python3.10/site-packages/rosboard/html/fonts
[0.625s] copying /home/nfl/Desktop/rosboard-main/build/rosboard/build/lib/rosboard/html/fonts/MaterialIcons-Regular.ttf -> /home/nfl/Desktop/rosboard-main/install/rosboard/lib/python3.10/site-packages/rosboard/html/fonts
[0.625s] copying /home/nfl/Desktop/rosboard-main/build/rosboard/build/lib/rosboard/html/fonts/jetbrains-mono-v6-latin-300.eot -> /home/nfl/Desktop/rosboard-main/install/rosboard/lib/python3.10/site-packages/rosboard/html/fonts
[0.625s] copying /home/nfl/Desktop/rosboard-main/build/rosboard/build/lib/rosboard/html/fonts/jetbrains-mono-v6-latin-700.ttf -> /home/nfl/Desktop/rosboard-main/install/rosboard/lib/python3.10/site-packages/rosboard/html/fonts
[0.625s] copying /home/nfl/Desktop/rosboard-main/build/rosboard/build/lib/rosboard/html/fonts/titillium-web-v10-latin-700.woff2 -> /home/nfl/Desktop/rosboard-main/install/rosboard/lib/python3.10/site-packages/rosboard/html/fonts
[0.625s] copying /home/nfl/Desktop/rosboard-main/build/rosboard/build/lib/rosboard/html/fonts/jetbrains-mono-v6-latin-700.svg -> /home/nfl/Desktop/rosboard-main/install/rosboard/lib/python3.10/site-packages/rosboard/html/fonts
[0.625s] copying /home/nfl/Desktop/rosboard-main/build/rosboard/build/lib/rosboard/html/fonts/MaterialIcons-Regular.svg -> /home/nfl/Desktop/rosboard-main/install/rosboard/lib/python3.10/site-packages/rosboard/html/fonts
[0.625s] copying /home/nfl/Desktop/rosboard-main/build/rosboard/build/lib/rosboard/html/fonts/MaterialIcons-Regular.eot -> /home/nfl/Desktop/rosboard-main/install/rosboard/lib/python3.10/site-packages/rosboard/html/fonts
[0.625s] copying /home/nfl/Desktop/rosboard-main/build/rosboard/build/lib/rosboard/html/fonts/jetbrains-mono-v6-latin-300.woff -> /home/nfl/Desktop/rosboard-main/install/rosboard/lib/python3.10/site-packages/rosboard/html/fonts
[0.626s] copying /home/nfl/Desktop/rosboard-main/build/rosboard/build/lib/rosboard/html/fonts/MaterialIcons-Regular.woff -> /home/nfl/Desktop/rosboard-main/install/rosboard/lib/python3.10/site-packages/rosboard/html/fonts
[0.626s] copying /home/nfl/Desktop/rosboard-main/build/rosboard/build/lib/rosboard/html/fonts/jetbrains-mono-v6-latin-700.woff -> /home/nfl/Desktop/rosboard-main/install/rosboard/lib/python3.10/site-packages/rosboard/html/fonts
[0.626s] creating /home/nfl/Desktop/rosboard-main/install/rosboard/lib/python3.10/site-packages/rosboard/html/js
[0.626s] copying /home/nfl/Desktop/rosboard-main/build/rosboard/build/lib/rosboard/html/js/leaflet.js -> /home/nfl/Desktop/rosboard-main/install/rosboard/lib/python3.10/site-packages/rosboard/html/js
[0.626s] copying /home/nfl/Desktop/rosboard-main/build/rosboard/build/lib/rosboard/html/js/leaflet-src.esm.js -> /home/nfl/Desktop/rosboard-main/install/rosboard/lib/python3.10/site-packages/rosboard/html/js
[0.626s] copying /home/nfl/Desktop/rosboard-main/build/rosboard/build/lib/rosboard/html/js/jquery.transit.min.js -> /home/nfl/Desktop/rosboard-main/install/rosboard/lib/python3.10/site-packages/rosboard/html/js
[0.626s] copying /home/nfl/Desktop/rosboard-main/build/rosboard/build/lib/rosboard/html/js/leaflet-src.js.map -> /home/nfl/Desktop/rosboard-main/install/rosboard/lib/python3.10/site-packages/rosboard/html/js
[0.626s] copying /home/nfl/Desktop/rosboard-main/build/rosboard/build/lib/rosboard/html/js/json5.min.js -> /home/nfl/Desktop/rosboard-main/install/rosboard/lib/python3.10/site-packages/rosboard/html/js
[0.627s] copying /home/nfl/Desktop/rosboard-main/build/rosboard/build/lib/rosboard/html/js/material.min.js.map -> /home/nfl/Desktop/rosboard-main/install/rosboard/lib/python3.10/site-packages/rosboard/html/js
[0.627s] copying /home/nfl/Desktop/rosboard-main/build/rosboard/build/lib/rosboard/html/js/gl-matrix.js -> /home/nfl/Desktop/rosboard-main/install/rosboard/lib/python3.10/site-packages/rosboard/html/js
[0.627s] copying /home/nfl/Desktop/rosboard-main/build/rosboard/build/lib/rosboard/html/js/leaflet.js.map -> /home/nfl/Desktop/rosboard-main/install/rosboard/lib/python3.10/site-packages/rosboard/html/js
[0.627s] copying /home/nfl/Desktop/rosboard-main/build/rosboard/build/lib/rosboard/html/js/litegl.min.js -> /home/nfl/Desktop/rosboard-main/install/rosboard/lib/python3.10/site-packages/rosboard/html/js
[0.627s] copying /home/nfl/Desktop/rosboard-main/build/rosboard/build/lib/rosboard/html/js/masonry.pkgd.min.js -> /home/nfl/Desktop/rosboard-main/install/rosboard/lib/python3.10/site-packages/rosboard/html/js
[0.627s] copying /home/nfl/Desktop/rosboard-main/build/rosboard/build/lib/rosboard/html/js/leaflet.easy-button.js -> /home/nfl/Desktop/rosboard-main/install/rosboard/lib/python3.10/site-packages/rosboard/html/js
[0.627s] copying /home/nfl/Desktop/rosboard-main/build/rosboard/build/lib/rosboard/html/js/draggabilly.pkgd.min.js -> /home/nfl/Desktop/rosboard-main/install/rosboard/lib/python3.10/site-packages/rosboard/html/js
[0.627s] copying /home/nfl/Desktop/rosboard-main/build/rosboard/build/lib/rosboard/html/js/jquery-3.1.0.min.js -> /home/nfl/Desktop/rosboard-main/install/rosboard/lib/python3.10/site-packages/rosboard/html/js
[0.627s] copying /home/nfl/Desktop/rosboard-main/build/rosboard/build/lib/rosboard/html/js/uPlot.iife.min.js -> /home/nfl/Desktop/rosboard-main/install/rosboard/lib/python3.10/site-packages/rosboard/html/js
[0.627s] creating /home/nfl/Desktop/rosboard-main/install/rosboard/lib/python3.10/site-packages/rosboard/html/js/viewers
[0.627s] copying /home/nfl/Desktop/rosboard-main/build/rosboard/build/lib/rosboard/html/js/viewers/TimeSeriesPlotViewer.js -> /home/nfl/Desktop/rosboard-main/install/rosboard/lib/python3.10/site-packages/rosboard/html/js/viewers
[0.627s] copying /home/nfl/Desktop/rosboard-main/build/rosboard/build/lib/rosboard/html/js/viewers/LaserScanViewer.js -> /home/nfl/Desktop/rosboard-main/install/rosboard/lib/python3.10/site-packages/rosboard/html/js/viewers
[0.627s] copying /home/nfl/Desktop/rosboard-main/build/rosboard/build/lib/rosboard/html/js/viewers/ImageViewer.js -> /home/nfl/Desktop/rosboard-main/install/rosboard/lib/python3.10/site-packages/rosboard/html/js/viewers
[0.627s] copying /home/nfl/Desktop/rosboard-main/build/rosboard/build/lib/rosboard/html/js/viewers/ProcessListViewer.js -> /home/nfl/Desktop/rosboard-main/install/rosboard/lib/python3.10/site-packages/rosboard/html/js/viewers
[0.627s] copying /home/nfl/Desktop/rosboard-main/build/rosboard/build/lib/rosboard/html/js/viewers/PointCloud2Viewer.js -> /home/nfl/Desktop/rosboard-main/install/rosboard/lib/python3.10/site-packages/rosboard/html/js/viewers
[0.627s] copying /home/nfl/Desktop/rosboard-main/build/rosboard/build/lib/rosboard/html/js/viewers/LogViewer.js -> /home/nfl/Desktop/rosboard-main/install/rosboard/lib/python3.10/site-packages/rosboard/html/js/viewers
[0.628s] copying /home/nfl/Desktop/rosboard-main/build/rosboard/build/lib/rosboard/html/js/viewers/GeometryViewer.js -> /home/nfl/Desktop/rosboard-main/install/rosboard/lib/python3.10/site-packages/rosboard/html/js/viewers
[0.628s] creating /home/nfl/Desktop/rosboard-main/install/rosboard/lib/python3.10/site-packages/rosboard/html/js/viewers/meta
[0.628s] copying /home/nfl/Desktop/rosboard-main/build/rosboard/build/lib/rosboard/html/js/viewers/meta/Viewer.js -> /home/nfl/Desktop/rosboard-main/install/rosboard/lib/python3.10/site-packages/rosboard/html/js/viewers/meta
[0.628s] copying /home/nfl/Desktop/rosboard-main/build/rosboard/build/lib/rosboard/html/js/viewers/meta/Space3DViewer.js -> /home/nfl/Desktop/rosboard-main/install/rosboard/lib/python3.10/site-packages/rosboard/html/js/viewers/meta
[0.628s] copying /home/nfl/Desktop/rosboard-main/build/rosboard/build/lib/rosboard/html/js/viewers/meta/Space2DViewer.js -> /home/nfl/Desktop/rosboard-main/install/rosboard/lib/python3.10/site-packages/rosboard/html/js/viewers/meta
[0.628s] copying /home/nfl/Desktop/rosboard-main/build/rosboard/build/lib/rosboard/html/js/viewers/DiagnosticViewer.js -> /home/nfl/Desktop/rosboard-main/install/rosboard/lib/python3.10/site-packages/rosboard/html/js/viewers
[0.628s] copying /home/nfl/Desktop/rosboard-main/build/rosboard/build/lib/rosboard/html/js/viewers/GenericViewer.js -> /home/nfl/Desktop/rosboard-main/install/rosboard/lib/python3.10/site-packages/rosboard/html/js/viewers
[0.628s] copying /home/nfl/Desktop/rosboard-main/build/rosboard/build/lib/rosboard/html/js/viewers/PolygonViewer.js -> /home/nfl/Desktop/rosboard-main/install/rosboard/lib/python3.10/site-packages/rosboard/html/js/viewers
[0.628s] copying /home/nfl/Desktop/rosboard-main/build/rosboard/build/lib/rosboard/html/js/viewers/MapViewer.js -> /home/nfl/Desktop/rosboard-main/install/rosboard/lib/python3.10/site-packages/rosboard/html/js/viewers
[0.628s] copying /home/nfl/Desktop/rosboard-main/build/rosboard/build/lib/rosboard/html/js/rosbag.js -> /home/nfl/Desktop/rosboard-main/install/rosboard/lib/python3.10/site-packages/rosboard/html/js
[0.628s] copying /home/nfl/Desktop/rosboard-main/build/rosboard/build/lib/rosboard/html/js/material.min.js -> /home/nfl/Desktop/rosboard-main/install/rosboard/lib/python3.10/site-packages/rosboard/html/js
[0.628s] copying /home/nfl/Desktop/rosboard-main/build/rosboard/build/lib/rosboard/html/js/eventemitter2.min.js -> /home/nfl/Desktop/rosboard-main/install/rosboard/lib/python3.10/site-packages/rosboard/html/js
[0.628s] copying /home/nfl/Desktop/rosboard-main/build/rosboard/build/lib/rosboard/html/js/import-helper.js -> /home/nfl/Desktop/rosboard-main/install/rosboard/lib/python3.10/site-packages/rosboard/html/js
[0.628s] copying /home/nfl/Desktop/rosboard-main/build/rosboard/build/lib/rosboard/html/js/leaflet-src.esm.js.map -> /home/nfl/Desktop/rosboard-main/install/rosboard/lib/python3.10/site-packages/rosboard/html/js
[0.628s] copying /home/nfl/Desktop/rosboard-main/build/rosboard/build/lib/rosboard/html/js/index.js -> /home/nfl/Desktop/rosboard-main/install/rosboard/lib/python3.10/site-packages/rosboard/html/js
[0.628s] creating /home/nfl/Desktop/rosboard-main/install/rosboard/lib/python3.10/site-packages/rosboard/html/js/transports
[0.628s] copying /home/nfl/Desktop/rosboard-main/build/rosboard/build/lib/rosboard/html/js/transports/RosbagTransport.js -> /home/nfl/Desktop/rosboard-main/install/rosboard/lib/python3.10/site-packages/rosboard/html/js/transports
[0.628s] copying /home/nfl/Desktop/rosboard-main/build/rosboard/build/lib/rosboard/html/js/transports/WebSocketV1Transport.js -> /home/nfl/Desktop/rosboard-main/install/rosboard/lib/python3.10/site-packages/rosboard/html/js/transports
[0.628s] copying /home/nfl/Desktop/rosboard-main/build/rosboard/build/lib/rosboard/html/js/transports/Rosbag2Transport.js -> /home/nfl/Desktop/rosboard-main/install/rosboard/lib/python3.10/site-packages/rosboard/html/js/transports
[0.629s] copying /home/nfl/Desktop/rosboard-main/build/rosboard/build/lib/rosboard/html/js/transports/DeviceSensorTransport.js -> /home/nfl/Desktop/rosboard-main/install/rosboard/lib/python3.10/site-packages/rosboard/html/js/transports
[0.629s] copying /home/nfl/Desktop/rosboard-main/build/rosboard/build/lib/rosboard/html/js/transports/RosBridgeTransport.js -> /home/nfl/Desktop/rosboard-main/install/rosboard/lib/python3.10/site-packages/rosboard/html/js/transports
[0.629s] copying /home/nfl/Desktop/rosboard-main/build/rosboard/build/lib/rosboard/html/js/leaflet-src.js -> /home/nfl/Desktop/rosboard-main/install/rosboard/lib/python3.10/site-packages/rosboard/html/js
[0.629s] copying /home/nfl/Desktop/rosboard-main/build/rosboard/build/lib/rosboard/html/ros_interface.js -> /home/nfl/Desktop/rosboard-main/install/rosboard/lib/python3.10/site-packages/rosboard/html
[0.629s] copying /home/nfl/Desktop/rosboard-main/build/rosboard/build/lib/rosboard/html/ayam.html -> /home/nfl/Desktop/rosboard-main/install/rosboard/lib/python3.10/site-packages/rosboard/html
[0.629s] copying /home/nfl/Desktop/rosboard-main/build/rosboard/build/lib/rosboard/handlers.py -> /home/nfl/Desktop/rosboard-main/install/rosboard/lib/python3.10/site-packages/rosboard
[0.629s] copying /home/nfl/Desktop/rosboard-main/build/rosboard/build/lib/rosboard/rosboard.py -> /home/nfl/Desktop/rosboard-main/install/rosboard/lib/python3.10/site-packages/rosboard
[0.629s] byte-compiling /home/nfl/Desktop/rosboard-main/install/rosboard/lib/python3.10/site-packages/rosboard/cv_bridge.py to cv_bridge.cpython-310.pyc
[0.630s] byte-compiling /home/nfl/Desktop/rosboard-main/install/rosboard/lib/python3.10/site-packages/rosboard/serialization.py to serialization.cpython-310.pyc
[0.631s] byte-compiling /home/nfl/Desktop/rosboard-main/install/rosboard/lib/python3.10/site-packages/rosboard/rospy2/constants.py to constants.cpython-310.pyc
[0.631s] byte-compiling /home/nfl/Desktop/rosboard-main/install/rosboard/lib/python3.10/site-packages/rosboard/rospy2/__init__.py to __init__.cpython-310.pyc
[0.633s] byte-compiling /home/nfl/Desktop/rosboard-main/install/rosboard/lib/python3.10/site-packages/rosboard/compression.py to compression.cpython-310.pyc
[0.635s] byte-compiling /home/nfl/Desktop/rosboard-main/install/rosboard/lib/python3.10/site-packages/rosboard/subscribers/processes_subscriber.py to processes_subscriber.cpython-310.pyc
[0.635s] byte-compiling /home/nfl/Desktop/rosboard-main/install/rosboard/lib/python3.10/site-packages/rosboard/subscribers/dmesg_subscriber.py to dmesg_subscriber.cpython-310.pyc
[0.635s] byte-compiling /home/nfl/Desktop/rosboard-main/install/rosboard/lib/python3.10/site-packages/rosboard/subscribers/__init__.py to __init__.cpython-310.pyc
[0.635s] byte-compiling /home/nfl/Desktop/rosboard-main/install/rosboard/lib/python3.10/site-packages/rosboard/subscribers/dummy_subscriber.py to dummy_subscriber.cpython-310.pyc
[0.635s] byte-compiling /home/nfl/Desktop/rosboard-main/install/rosboard/lib/python3.10/site-packages/rosboard/subscribers/system_stats_subscriber.py to system_stats_subscriber.cpython-310.pyc
[0.636s] byte-compiling /home/nfl/Desktop/rosboard-main/install/rosboard/lib/python3.10/site-packages/rosboard/__init__.py to __init__.cpython-310.pyc
[0.636s] byte-compiling /home/nfl/Desktop/rosboard-main/install/rosboard/lib/python3.10/site-packages/rosboard/message_serialization.py to message_serialization.cpython-310.pyc
[0.636s] byte-compiling /home/nfl/Desktop/rosboard-main/install/rosboard/lib/python3.10/site-packages/rosboard/handlers.py to handlers.cpython-310.pyc
[0.637s] byte-compiling /home/nfl/Desktop/rosboard-main/install/rosboard/lib/python3.10/site-packages/rosboard/rosboard.py to rosboard.cpython-310.pyc
[0.638s] running install_data
[0.638s] copying package.xml -> /home/nfl/Desktop/rosboard-main/install/rosboard/share/rosboard
[0.638s] creating /home/nfl/Desktop/rosboard-main/install/rosboard/share/ament_index
[0.638s] creating /home/nfl/Desktop/rosboard-main/install/rosboard/share/ament_index/resource_index
[0.638s] creating /home/nfl/Desktop/rosboard-main/install/rosboard/share/ament_index/resource_index/packages
[0.638s] copying resource/rosboard -> /home/nfl/Desktop/rosboard-main/install/rosboard/share/ament_index/resource_index/packages
[0.638s] running install_egg_info
[0.639s] Copying build/rosboard/rosboard.egg-info to /home/nfl/Desktop/rosboard-main/install/rosboard/lib/python3.10/site-packages/rosboard-1.3.1-py3.10.egg-info
[0.639s] running install_scripts
[0.652s] Installing rosboard_node script to /home/nfl/Desktop/rosboard-main/install/rosboard/lib/rosboard
[0.653s] writing list of installed files to '/home/nfl/Desktop/rosboard-main/build/rosboard/install.log'
[0.669s] Invoked command in '/home/nfl/Desktop/rosboard-main' returned '0': PYTHONPATH=/home/nfl/Desktop/rosboard-main/build/rosboard/prefix_override:/usr/lib/python3/dist-packages/colcon_core/task/python/colcon_distutils_commands:/home/nfl/Desktop/rosboard-main/install/rosboard/lib/python3.10/site-packages:${PYTHONPATH} /usr/bin/python3 -W ignore:setup.py install is deprecated -W ignore:easy_install command is deprecated setup.py egg_info --egg-base build/rosboard build --build-base /home/nfl/Desktop/rosboard-main/build/rosboard/build install --record /home/nfl/Desktop/rosboard-main/build/rosboard/install.log --single-version-externally-managed install_data
