[0.674s] Invoking command in '/home/nopal/dash_hybrid/rosboard-main': PYTHONPATH=/home/nopal/dash_hybrid/rosboard-main/build/rosboard/prefix_override:/usr/lib/python3/dist-packages/colcon_core/task/python/colcon_distutils_commands:/home/nopal/dash_hybrid/rosboard-main/install/rosboard/lib/python3.10/site-packages:${PYTHONPATH} /usr/bin/python3 -W ignore:setup.py install is deprecated -W ignore:easy_install command is deprecated setup.py egg_info --egg-base build/rosboard build --build-base /home/nopal/dash_hybrid/rosboard-main/build/rosboard/build install --record /home/nopal/dash_hybrid/rosboard-main/build/rosboard/install.log --single-version-externally-managed install_data
[0.786s] /home/nopal/.local/lib/python3.10/site-packages/setuptools/_distutils/dist.py:289: UserWarning: Unknown distribution option: 'tests_require'
[0.786s]   warnings.warn(msg)
[0.866s] running egg_info
[0.879s] writing build/rosboard/rosboard.egg-info/PKG-INFO
[0.881s] writing dependency_links to build/rosboard/rosboard.egg-info/dependency_links.txt
[0.881s] writing entry points to build/rosboard/rosboard.egg-info/entry_points.txt
[0.881s] writing requirements to build/rosboard/rosboard.egg-info/requires.txt
[0.881s] writing top-level names to build/rosboard/rosboard.egg-info/top_level.txt
[0.911s] reading manifest file 'build/rosboard/rosboard.egg-info/SOURCES.txt'
[0.912s] adding license file 'LICENSE'
[0.913s] writing manifest file 'build/rosboard/rosboard.egg-info/SOURCES.txt'
[0.913s] running build
[0.913s] running build_py
[0.919s] running install
[0.922s] running install_lib
[0.938s] running install_data
[0.939s] running install_egg_info
[0.953s] removing '/home/nopal/dash_hybrid/rosboard-main/install/rosboard/lib/python3.10/site-packages/rosboard-1.3.1-py3.10.egg-info' (and everything under it)
[0.953s] Copying build/rosboard/rosboard.egg-info to /home/nopal/dash_hybrid/rosboard-main/install/rosboard/lib/python3.10/site-packages/rosboard-1.3.1-py3.10.egg-info
[0.954s] running install_scripts
[1.063s] Installing rosboard_node script to /home/nopal/dash_hybrid/rosboard-main/install/rosboard/lib/rosboard
[1.065s] writing list of installed files to '/home/nopal/dash_hybrid/rosboard-main/build/rosboard/install.log'
[1.085s] Invoked command in '/home/nopal/dash_hybrid/rosboard-main' returned '0': PYTHONPATH=/home/nopal/dash_hybrid/rosboard-main/build/rosboard/prefix_override:/usr/lib/python3/dist-packages/colcon_core/task/python/colcon_distutils_commands:/home/nopal/dash_hybrid/rosboard-main/install/rosboard/lib/python3.10/site-packages:${PYTHONPATH} /usr/bin/python3 -W ignore:setup.py install is deprecated -W ignore:easy_install command is deprecated setup.py egg_info --egg-base build/rosboard build --build-base /home/nopal/dash_hybrid/rosboard-main/build/rosboard/build install --record /home/nopal/dash_hybrid/rosboard-main/build/rosboard/install.log --single-version-externally-managed install_data
