[0.454s] Invoking command in '/home/nfl/Desktop/rosboard-main': PYTHONPATH=/home/nfl/Desktop/rosboard-main/build/rosboard/prefix_override:/usr/lib/python3/dist-packages/colcon_core/task/python/colcon_distutils_commands:/home/nfl/Desktop/rosboard-main/install/rosboard/lib/python3.10/site-packages:${PYTHONPATH} /usr/bin/python3 -W ignore:setup.py install is deprecated -W ignore:easy_install command is deprecated setup.py egg_info --egg-base build/rosboard build --build-base /home/nfl/Desktop/rosboard-main/build/rosboard/build install --record /home/nfl/Desktop/rosboard-main/build/rosboard/install.log --single-version-externally-managed install_data
[0.633s] running egg_info
[0.633s] creating build/rosboard/rosboard.egg-info
[0.633s] writing build/rosboard/rosboard.egg-info/PKG-INFO
[0.633s] writing dependency_links to build/rosboard/rosboard.egg-info/dependency_links.txt
[0.633s] writing entry points to build/rosboard/rosboard.egg-info/entry_points.txt
[0.633s] writing requirements to build/rosboard/rosboard.egg-info/requires.txt
[0.633s] writing top-level names to build/rosboard/rosboard.egg-info/top_level.txt
[0.633s] writing manifest file 'build/rosboard/rosboard.egg-info/SOURCES.txt'
[0.635s] reading manifest file 'build/rosboard/rosboard.egg-info/SOURCES.txt'
[0.635s] adding license file 'LICENSE'
[0.636s] writing manifest file 'build/rosboard/rosboard.egg-info/SOURCES.txt'
[0.636s] running build
[0.636s] running build_py
[0.636s] creating /home/nfl/Desktop/rosboard-main/build/rosboard/build
[0.636s] creating /home/nfl/Desktop/rosboard-main/build/rosboard/build/lib
[0.637s] creating /home/nfl/Desktop/rosboard-main/build/rosboard/build/lib/rosboard
[0.637s] copying rosboard/cv_bridge.py -> /home/nfl/Desktop/rosboard-main/build/rosboard/build/lib/rosboard
[0.637s] copying rosboard/serialization.py -> /home/nfl/Desktop/rosboard-main/build/rosboard/build/lib/rosboard
[0.637s] copying rosboard/compression.py -> /home/nfl/Desktop/rosboard-main/build/rosboard/build/lib/rosboard
[0.637s] copying rosboard/__init__.py -> /home/nfl/Desktop/rosboard-main/build/rosboard/build/lib/rosboard
[0.637s] copying rosboard/message_serialization.py -> /home/nfl/Desktop/rosboard-main/build/rosboard/build/lib/rosboard
[0.637s] copying rosboard/handlers.py -> /home/nfl/Desktop/rosboard-main/build/rosboard/build/lib/rosboard
[0.637s] copying rosboard/rosboard.py -> /home/nfl/Desktop/rosboard-main/build/rosboard/build/lib/rosboard
[0.637s] creating /home/nfl/Desktop/rosboard-main/build/rosboard/build/lib/rosboard/rospy2
[0.637s] copying rosboard/rospy2/constants.py -> /home/nfl/Desktop/rosboard-main/build/rosboard/build/lib/rosboard/rospy2
[0.637s] copying rosboard/rospy2/__init__.py -> /home/nfl/Desktop/rosboard-main/build/rosboard/build/lib/rosboard/rospy2
[0.637s] creating /home/nfl/Desktop/rosboard-main/build/rosboard/build/lib/rosboard/subscribers
[0.637s] copying rosboard/subscribers/processes_subscriber.py -> /home/nfl/Desktop/rosboard-main/build/rosboard/build/lib/rosboard/subscribers
[0.637s] copying rosboard/subscribers/dmesg_subscriber.py -> /home/nfl/Desktop/rosboard-main/build/rosboard/build/lib/rosboard/subscribers
[0.637s] copying rosboard/subscribers/__init__.py -> /home/nfl/Desktop/rosboard-main/build/rosboard/build/lib/rosboard/subscribers
[0.637s] copying rosboard/subscribers/dummy_subscriber.py -> /home/nfl/Desktop/rosboard-main/build/rosboard/build/lib/rosboard/subscribers
[0.637s] copying rosboard/subscribers/system_stats_subscriber.py -> /home/nfl/Desktop/rosboard-main/build/rosboard/build/lib/rosboard/subscribers
[0.637s] creating /home/nfl/Desktop/rosboard-main/build/rosboard/build/lib/rosboard/html
[0.637s] copying rosboard/html/jancuk.html -> /home/nfl/Desktop/rosboard-main/build/rosboard/build/lib/rosboard/html
[0.638s] copying rosboard/html/ros_interface.js -> /home/nfl/Desktop/rosboard-main/build/rosboard/build/lib/rosboard/html
[0.638s] copying rosboard/html/ayam.html -> /home/nfl/Desktop/rosboard-main/build/rosboard/build/lib/rosboard/html
[0.638s] creating /home/nfl/Desktop/rosboard-main/build/rosboard/build/lib/rosboard/html/fonts
[0.638s] copying rosboard/html/fonts/MaterialIcons-Regular.woff2 -> /home/nfl/Desktop/rosboard-main/build/rosboard/build/lib/rosboard/html/fonts
[0.638s] copying rosboard/html/fonts/titillium-web-v10-latin-700.woff -> /home/nfl/Desktop/rosboard-main/build/rosboard/build/lib/rosboard/html/fonts
[0.638s] copying rosboard/html/fonts/jetbrains-mono-v6-latin-700.eot -> /home/nfl/Desktop/rosboard-main/build/rosboard/build/lib/rosboard/html/fonts
[0.638s] copying rosboard/html/fonts/jetbrains-mono-v6-latin-300.svg -> /home/nfl/Desktop/rosboard-main/build/rosboard/build/lib/rosboard/html/fonts
[0.638s] copying rosboard/html/fonts/titillium-web-v10-latin-300.woff2 -> /home/nfl/Desktop/rosboard-main/build/rosboard/build/lib/rosboard/html/fonts
[0.638s] copying rosboard/html/fonts/jetbrains-mono-v6-latin-300.ttf -> /home/nfl/Desktop/rosboard-main/build/rosboard/build/lib/rosboard/html/fonts
[0.638s] copying rosboard/html/fonts/titillium-web-v10-latin-700.eot -> /home/nfl/Desktop/rosboard-main/build/rosboard/build/lib/rosboard/html/fonts
[0.638s] copying rosboard/html/fonts/titillium-web-v10-latin-300.ttf -> /home/nfl/Desktop/rosboard-main/build/rosboard/build/lib/rosboard/html/fonts
[0.638s] copying rosboard/html/fonts/jetbrains-mono-v6-latin-300.woff2 -> /home/nfl/Desktop/rosboard-main/build/rosboard/build/lib/rosboard/html/fonts
[0.638s] copying rosboard/html/fonts/titillium-web-v10-latin-300.svg -> /home/nfl/Desktop/rosboard-main/build/rosboard/build/lib/rosboard/html/fonts
[0.638s] copying rosboard/html/fonts/titillium-web-v10-latin-700.svg -> /home/nfl/Desktop/rosboard-main/build/rosboard/build/lib/rosboard/html/fonts
[0.638s] copying rosboard/html/fonts/MaterialIcons-Regular.ijmap -> /home/nfl/Desktop/rosboard-main/build/rosboard/build/lib/rosboard/html/fonts
[0.638s] copying rosboard/html/fonts/titillium-web-v10-latin-300.eot -> /home/nfl/Desktop/rosboard-main/build/rosboard/build/lib/rosboard/html/fonts
[0.638s] copying rosboard/html/fonts/titillium-web-v10-latin-300.woff -> /home/nfl/Desktop/rosboard-main/build/rosboard/build/lib/rosboard/html/fonts
[0.638s] copying rosboard/html/fonts/jetbrains-mono-v6-latin-700.woff2 -> /home/nfl/Desktop/rosboard-main/build/rosboard/build/lib/rosboard/html/fonts
[0.638s] copying rosboard/html/fonts/titillium-web-v10-latin-700.ttf -> /home/nfl/Desktop/rosboard-main/build/rosboard/build/lib/rosboard/html/fonts
[0.638s] copying rosboard/html/fonts/MaterialIcons-Regular.ttf -> /home/nfl/Desktop/rosboard-main/build/rosboard/build/lib/rosboard/html/fonts
[0.638s] copying rosboard/html/fonts/jetbrains-mono-v6-latin-300.eot -> /home/nfl/Desktop/rosboard-main/build/rosboard/build/lib/rosboard/html/fonts
[0.638s] copying rosboard/html/fonts/jetbrains-mono-v6-latin-700.ttf -> /home/nfl/Desktop/rosboard-main/build/rosboard/build/lib/rosboard/html/fonts
[0.638s] copying rosboard/html/fonts/titillium-web-v10-latin-700.woff2 -> /home/nfl/Desktop/rosboard-main/build/rosboard/build/lib/rosboard/html/fonts
[0.638s] copying rosboard/html/fonts/jetbrains-mono-v6-latin-700.svg -> /home/nfl/Desktop/rosboard-main/build/rosboard/build/lib/rosboard/html/fonts
[0.638s] copying rosboard/html/fonts/MaterialIcons-Regular.svg -> /home/nfl/Desktop/rosboard-main/build/rosboard/build/lib/rosboard/html/fonts
[0.639s] copying rosboard/html/fonts/MaterialIcons-Regular.eot -> /home/nfl/Desktop/rosboard-main/build/rosboard/build/lib/rosboard/html/fonts
[0.639s] copying rosboard/html/fonts/jetbrains-mono-v6-latin-300.woff -> /home/nfl/Desktop/rosboard-main/build/rosboard/build/lib/rosboard/html/fonts
[0.639s] copying rosboard/html/fonts/MaterialIcons-Regular.woff -> /home/nfl/Desktop/rosboard-main/build/rosboard/build/lib/rosboard/html/fonts
[0.639s] copying rosboard/html/fonts/jetbrains-mono-v6-latin-700.woff -> /home/nfl/Desktop/rosboard-main/build/rosboard/build/lib/rosboard/html/fonts
[0.639s] creating /home/nfl/Desktop/rosboard-main/build/rosboard/build/lib/rosboard/html/css
[0.639s] copying rosboard/html/css/uPlot.min.css -> /home/nfl/Desktop/rosboard-main/build/rosboard/build/lib/rosboard/html/css
[0.639s] copying rosboard/html/css/leaflet.css -> /home/nfl/Desktop/rosboard-main/build/rosboard/build/lib/rosboard/html/css
[0.639s] copying rosboard/html/css/material.indigo-blue.min.css -> /home/nfl/Desktop/rosboard-main/build/rosboard/build/lib/rosboard/html/css
[0.639s] copying rosboard/html/css/index.css -> /home/nfl/Desktop/rosboard-main/build/rosboard/build/lib/rosboard/html/css
[0.639s] copying rosboard/html/css/material-icons.css -> /home/nfl/Desktop/rosboard-main/build/rosboard/build/lib/rosboard/html/css
[0.639s] copying rosboard/html/css/material.light_green-lime.min.css -> /home/nfl/Desktop/rosboard-main/build/rosboard/build/lib/rosboard/html/css
[0.639s] copying rosboard/html/css/material.blue_grey-indigo.min.css -> /home/nfl/Desktop/rosboard-main/build/rosboard/build/lib/rosboard/html/css
[0.640s] copying rosboard/html/css/leaflet.easy-button.css -> /home/nfl/Desktop/rosboard-main/build/rosboard/build/lib/rosboard/html/css
[0.640s] creating /home/nfl/Desktop/rosboard-main/build/rosboard/build/lib/rosboard/html/css/images
[0.640s] copying rosboard/html/css/images/layers-2x.png -> /home/nfl/Desktop/rosboard-main/build/rosboard/build/lib/rosboard/html/css/images
[0.640s] copying rosboard/html/css/images/marker-icon-2x.png -> /home/nfl/Desktop/rosboard-main/build/rosboard/build/lib/rosboard/html/css/images
[0.640s] copying rosboard/html/css/images/layers.png -> /home/nfl/Desktop/rosboard-main/build/rosboard/build/lib/rosboard/html/css/images
[0.640s] copying rosboard/html/css/images/marker-shadow.png -> /home/nfl/Desktop/rosboard-main/build/rosboard/build/lib/rosboard/html/css/images
[0.640s] copying rosboard/html/css/images/marker-icon.png -> /home/nfl/Desktop/rosboard-main/build/rosboard/build/lib/rosboard/html/css/images
[0.640s] creating /home/nfl/Desktop/rosboard-main/build/rosboard/build/lib/rosboard/html/js
[0.641s] copying rosboard/html/js/leaflet.js -> /home/nfl/Desktop/rosboard-main/build/rosboard/build/lib/rosboard/html/js
[0.641s] copying rosboard/html/js/leaflet-src.esm.js -> /home/nfl/Desktop/rosboard-main/build/rosboard/build/lib/rosboard/html/js
[0.641s] copying rosboard/html/js/jquery.transit.min.js -> /home/nfl/Desktop/rosboard-main/build/rosboard/build/lib/rosboard/html/js
[0.641s] copying rosboard/html/js/leaflet-src.js.map -> /home/nfl/Desktop/rosboard-main/build/rosboard/build/lib/rosboard/html/js
[0.641s] copying rosboard/html/js/json5.min.js -> /home/nfl/Desktop/rosboard-main/build/rosboard/build/lib/rosboard/html/js
[0.641s] copying rosboard/html/js/material.min.js.map -> /home/nfl/Desktop/rosboard-main/build/rosboard/build/lib/rosboard/html/js
[0.641s] copying rosboard/html/js/gl-matrix.js -> /home/nfl/Desktop/rosboard-main/build/rosboard/build/lib/rosboard/html/js
[0.641s] copying rosboard/html/js/leaflet.js.map -> /home/nfl/Desktop/rosboard-main/build/rosboard/build/lib/rosboard/html/js
[0.641s] copying rosboard/html/js/litegl.min.js -> /home/nfl/Desktop/rosboard-main/build/rosboard/build/lib/rosboard/html/js
[0.641s] copying rosboard/html/js/masonry.pkgd.min.js -> /home/nfl/Desktop/rosboard-main/build/rosboard/build/lib/rosboard/html/js
[0.641s] copying rosboard/html/js/leaflet.easy-button.js -> /home/nfl/Desktop/rosboard-main/build/rosboard/build/lib/rosboard/html/js
[0.642s] copying rosboard/html/js/draggabilly.pkgd.min.js -> /home/nfl/Desktop/rosboard-main/build/rosboard/build/lib/rosboard/html/js
[0.642s] copying rosboard/html/js/jquery-3.1.0.min.js -> /home/nfl/Desktop/rosboard-main/build/rosboard/build/lib/rosboard/html/js
[0.642s] copying rosboard/html/js/uPlot.iife.min.js -> /home/nfl/Desktop/rosboard-main/build/rosboard/build/lib/rosboard/html/js
[0.642s] copying rosboard/html/js/rosbag.js -> /home/nfl/Desktop/rosboard-main/build/rosboard/build/lib/rosboard/html/js
[0.642s] copying rosboard/html/js/material.min.js -> /home/nfl/Desktop/rosboard-main/build/rosboard/build/lib/rosboard/html/js
[0.642s] copying rosboard/html/js/eventemitter2.min.js -> /home/nfl/Desktop/rosboard-main/build/rosboard/build/lib/rosboard/html/js
[0.642s] copying rosboard/html/js/import-helper.js -> /home/nfl/Desktop/rosboard-main/build/rosboard/build/lib/rosboard/html/js
[0.642s] copying rosboard/html/js/leaflet-src.esm.js.map -> /home/nfl/Desktop/rosboard-main/build/rosboard/build/lib/rosboard/html/js
[0.642s] copying rosboard/html/js/index.js -> /home/nfl/Desktop/rosboard-main/build/rosboard/build/lib/rosboard/html/js
[0.642s] copying rosboard/html/js/leaflet-src.js -> /home/nfl/Desktop/rosboard-main/build/rosboard/build/lib/rosboard/html/js
[0.643s] creating /home/nfl/Desktop/rosboard-main/build/rosboard/build/lib/rosboard/html/js/viewers
[0.643s] copying rosboard/html/js/viewers/TimeSeriesPlotViewer.js -> /home/nfl/Desktop/rosboard-main/build/rosboard/build/lib/rosboard/html/js/viewers
[0.643s] copying rosboard/html/js/viewers/LaserScanViewer.js -> /home/nfl/Desktop/rosboard-main/build/rosboard/build/lib/rosboard/html/js/viewers
[0.643s] copying rosboard/html/js/viewers/ImageViewer.js -> /home/nfl/Desktop/rosboard-main/build/rosboard/build/lib/rosboard/html/js/viewers
[0.643s] copying rosboard/html/js/viewers/ProcessListViewer.js -> /home/nfl/Desktop/rosboard-main/build/rosboard/build/lib/rosboard/html/js/viewers
[0.643s] copying rosboard/html/js/viewers/PointCloud2Viewer.js -> /home/nfl/Desktop/rosboard-main/build/rosboard/build/lib/rosboard/html/js/viewers
[0.643s] copying rosboard/html/js/viewers/LogViewer.js -> /home/nfl/Desktop/rosboard-main/build/rosboard/build/lib/rosboard/html/js/viewers
[0.643s] copying rosboard/html/js/viewers/GeometryViewer.js -> /home/nfl/Desktop/rosboard-main/build/rosboard/build/lib/rosboard/html/js/viewers
[0.643s] copying rosboard/html/js/viewers/DiagnosticViewer.js -> /home/nfl/Desktop/rosboard-main/build/rosboard/build/lib/rosboard/html/js/viewers
[0.643s] copying rosboard/html/js/viewers/GenericViewer.js -> /home/nfl/Desktop/rosboard-main/build/rosboard/build/lib/rosboard/html/js/viewers
[0.643s] copying rosboard/html/js/viewers/PolygonViewer.js -> /home/nfl/Desktop/rosboard-main/build/rosboard/build/lib/rosboard/html/js/viewers
[0.644s] copying rosboard/html/js/viewers/MapViewer.js -> /home/nfl/Desktop/rosboard-main/build/rosboard/build/lib/rosboard/html/js/viewers
[0.644s] creating /home/nfl/Desktop/rosboard-main/build/rosboard/build/lib/rosboard/html/js/viewers/meta
[0.644s] copying rosboard/html/js/viewers/meta/Viewer.js -> /home/nfl/Desktop/rosboard-main/build/rosboard/build/lib/rosboard/html/js/viewers/meta
[0.644s] copying rosboard/html/js/viewers/meta/Space3DViewer.js -> /home/nfl/Desktop/rosboard-main/build/rosboard/build/lib/rosboard/html/js/viewers/meta
[0.644s] copying rosboard/html/js/viewers/meta/Space2DViewer.js -> /home/nfl/Desktop/rosboard-main/build/rosboard/build/lib/rosboard/html/js/viewers/meta
[0.644s] creating /home/nfl/Desktop/rosboard-main/build/rosboard/build/lib/rosboard/html/js/transports
[0.644s] copying rosboard/html/js/transports/RosbagTransport.js -> /home/nfl/Desktop/rosboard-main/build/rosboard/build/lib/rosboard/html/js/transports
[0.644s] copying rosboard/html/js/transports/WebSocketV1Transport.js -> /home/nfl/Desktop/rosboard-main/build/rosboard/build/lib/rosboard/html/js/transports
[0.644s] copying rosboard/html/js/transports/Rosbag2Transport.js -> /home/nfl/Desktop/rosboard-main/build/rosboard/build/lib/rosboard/html/js/transports
[0.644s] copying rosboard/html/js/transports/DeviceSensorTransport.js -> /home/nfl/Desktop/rosboard-main/build/rosboard/build/lib/rosboard/html/js/transports
[0.644s] copying rosboard/html/js/transports/RosBridgeTransport.js -> /home/nfl/Desktop/rosboard-main/build/rosboard/build/lib/rosboard/html/js/transports
[0.644s] running install
[0.644s] running install_lib
[0.645s] creating /home/nfl/Desktop/rosboard-main/install/rosboard/lib/python3.10/site-packages/rosboard
[0.645s] copying /home/nfl/Desktop/rosboard-main/build/rosboard/build/lib/rosboard/cv_bridge.py -> /home/nfl/Desktop/rosboard-main/install/rosboard/lib/python3.10/site-packages/rosboard
[0.645s] copying /home/nfl/Desktop/rosboard-main/build/rosboard/build/lib/rosboard/serialization.py -> /home/nfl/Desktop/rosboard-main/install/rosboard/lib/python3.10/site-packages/rosboard
[0.645s] creating /home/nfl/Desktop/rosboard-main/install/rosboard/lib/python3.10/site-packages/rosboard/rospy2
[0.645s] copying /home/nfl/Desktop/rosboard-main/build/rosboard/build/lib/rosboard/rospy2/constants.py -> /home/nfl/Desktop/rosboard-main/install/rosboard/lib/python3.10/site-packages/rosboard/rospy2
[0.645s] copying /home/nfl/Desktop/rosboard-main/build/rosboard/build/lib/rosboard/rospy2/__init__.py -> /home/nfl/Desktop/rosboard-main/install/rosboard/lib/python3.10/site-packages/rosboard/rospy2
[0.645s] copying /home/nfl/Desktop/rosboard-main/build/rosboard/build/lib/rosboard/compression.py -> /home/nfl/Desktop/rosboard-main/install/rosboard/lib/python3.10/site-packages/rosboard
[0.645s] creating /home/nfl/Desktop/rosboard-main/install/rosboard/lib/python3.10/site-packages/rosboard/subscribers
[0.645s] copying /home/nfl/Desktop/rosboard-main/build/rosboard/build/lib/rosboard/subscribers/processes_subscriber.py -> /home/nfl/Desktop/rosboard-main/install/rosboard/lib/python3.10/site-packages/rosboard/subscribers
[0.645s] copying /home/nfl/Desktop/rosboard-main/build/rosboard/build/lib/rosboard/subscribers/dmesg_subscriber.py -> /home/nfl/Desktop/rosboard-main/install/rosboard/lib/python3.10/site-packages/rosboard/subscribers
[0.645s] copying /home/nfl/Desktop/rosboard-main/build/rosboard/build/lib/rosboard/subscribers/__init__.py -> /home/nfl/Desktop/rosboard-main/install/rosboard/lib/python3.10/site-packages/rosboard/subscribers
[0.645s] copying /home/nfl/Desktop/rosboard-main/build/rosboard/build/lib/rosboard/subscribers/dummy_subscriber.py -> /home/nfl/Desktop/rosboard-main/install/rosboard/lib/python3.10/site-packages/rosboard/subscribers
[0.645s] copying /home/nfl/Desktop/rosboard-main/build/rosboard/build/lib/rosboard/subscribers/system_stats_subscriber.py -> /home/nfl/Desktop/rosboard-main/install/rosboard/lib/python3.10/site-packages/rosboard/subscribers
[0.645s] copying /home/nfl/Desktop/rosboard-main/build/rosboard/build/lib/rosboard/__init__.py -> /home/nfl/Desktop/rosboard-main/install/rosboard/lib/python3.10/site-packages/rosboard
[0.645s] copying /home/nfl/Desktop/rosboard-main/build/rosboard/build/lib/rosboard/message_serialization.py -> /home/nfl/Desktop/rosboard-main/install/rosboard/lib/python3.10/site-packages/rosboard
[0.645s] creating /home/nfl/Desktop/rosboard-main/install/rosboard/lib/python3.10/site-packages/rosboard/html
[0.645s] creating /home/nfl/Desktop/rosboard-main/install/rosboard/lib/python3.10/site-packages/rosboard/html/css
[0.645s] copying /home/nfl/Desktop/rosboard-main/build/rosboard/build/lib/rosboard/html/css/uPlot.min.css -> /home/nfl/Desktop/rosboard-main/install/rosboard/lib/python3.10/site-packages/rosboard/html/css
[0.645s] copying /home/nfl/Desktop/rosboard-main/build/rosboard/build/lib/rosboard/html/css/leaflet.css -> /home/nfl/Desktop/rosboard-main/install/rosboard/lib/python3.10/site-packages/rosboard/html/css
[0.645s] creating /home/nfl/Desktop/rosboard-main/install/rosboard/lib/python3.10/site-packages/rosboard/html/css/images
[0.645s] copying /home/nfl/Desktop/rosboard-main/build/rosboard/build/lib/rosboard/html/css/images/layers-2x.png -> /home/nfl/Desktop/rosboard-main/install/rosboard/lib/python3.10/site-packages/rosboard/html/css/images
[0.645s] copying /home/nfl/Desktop/rosboard-main/build/rosboard/build/lib/rosboard/html/css/images/marker-icon-2x.png -> /home/nfl/Desktop/rosboard-main/install/rosboard/lib/python3.10/site-packages/rosboard/html/css/images
[0.645s] copying /home/nfl/Desktop/rosboard-main/build/rosboard/build/lib/rosboard/html/css/images/layers.png -> /home/nfl/Desktop/rosboard-main/install/rosboard/lib/python3.10/site-packages/rosboard/html/css/images
[0.645s] copying /home/nfl/Desktop/rosboard-main/build/rosboard/build/lib/rosboard/html/css/images/marker-shadow.png -> /home/nfl/Desktop/rosboard-main/install/rosboard/lib/python3.10/site-packages/rosboard/html/css/images
[0.646s] copying /home/nfl/Desktop/rosboard-main/build/rosboard/build/lib/rosboard/html/css/images/marker-icon.png -> /home/nfl/Desktop/rosboard-main/install/rosboard/lib/python3.10/site-packages/rosboard/html/css/images
[0.646s] copying /home/nfl/Desktop/rosboard-main/build/rosboard/build/lib/rosboard/html/css/material.indigo-blue.min.css -> /home/nfl/Desktop/rosboard-main/install/rosboard/lib/python3.10/site-packages/rosboard/html/css
[0.646s] copying /home/nfl/Desktop/rosboard-main/build/rosboard/build/lib/rosboard/html/css/index.css -> /home/nfl/Desktop/rosboard-main/install/rosboard/lib/python3.10/site-packages/rosboard/html/css
[0.646s] copying /home/nfl/Desktop/rosboard-main/build/rosboard/build/lib/rosboard/html/css/material-icons.css -> /home/nfl/Desktop/rosboard-main/install/rosboard/lib/python3.10/site-packages/rosboard/html/css
[0.646s] copying /home/nfl/Desktop/rosboard-main/build/rosboard/build/lib/rosboard/html/css/material.light_green-lime.min.css -> /home/nfl/Desktop/rosboard-main/install/rosboard/lib/python3.10/site-packages/rosboard/html/css
[0.646s] copying /home/nfl/Desktop/rosboard-main/build/rosboard/build/lib/rosboard/html/css/material.blue_grey-indigo.min.css -> /home/nfl/Desktop/rosboard-main/install/rosboard/lib/python3.10/site-packages/rosboard/html/css
[0.646s] copying /home/nfl/Desktop/rosboard-main/build/rosboard/build/lib/rosboard/html/css/leaflet.easy-button.css -> /home/nfl/Desktop/rosboard-main/install/rosboard/lib/python3.10/site-packages/rosboard/html/css
[0.646s] copying /home/nfl/Desktop/rosboard-main/build/rosboard/build/lib/rosboard/html/jancuk.html -> /home/nfl/Desktop/rosboard-main/install/rosboard/lib/python3.10/site-packages/rosboard/html
[0.646s] creating /home/nfl/Desktop/rosboard-main/install/rosboard/lib/python3.10/site-packages/rosboard/html/fonts
[0.646s] copying /home/nfl/Desktop/rosboard-main/build/rosboard/build/lib/rosboard/html/fonts/MaterialIcons-Regular.woff2 -> /home/nfl/Desktop/rosboard-main/install/rosboard/lib/python3.10/site-packages/rosboard/html/fonts
[0.646s] copying /home/nfl/Desktop/rosboard-main/build/rosboard/build/lib/rosboard/html/fonts/titillium-web-v10-latin-700.woff -> /home/nfl/Desktop/rosboard-main/install/rosboard/lib/python3.10/site-packages/rosboard/html/fonts
[0.646s] copying /home/nfl/Desktop/rosboard-main/build/rosboard/build/lib/rosboard/html/fonts/jetbrains-mono-v6-latin-700.eot -> /home/nfl/Desktop/rosboard-main/install/rosboard/lib/python3.10/site-packages/rosboard/html/fonts
[0.646s] copying /home/nfl/Desktop/rosboard-main/build/rosboard/build/lib/rosboard/html/fonts/jetbrains-mono-v6-latin-300.svg -> /home/nfl/Desktop/rosboard-main/install/rosboard/lib/python3.10/site-packages/rosboard/html/fonts
[0.646s] copying /home/nfl/Desktop/rosboard-main/build/rosboard/build/lib/rosboard/html/fonts/titillium-web-v10-latin-300.woff2 -> /home/nfl/Desktop/rosboard-main/install/rosboard/lib/python3.10/site-packages/rosboard/html/fonts
[0.646s] copying /home/nfl/Desktop/rosboard-main/build/rosboard/build/lib/rosboard/html/fonts/jetbrains-mono-v6-latin-300.ttf -> /home/nfl/Desktop/rosboard-main/install/rosboard/lib/python3.10/site-packages/rosboard/html/fonts
[0.646s] copying /home/nfl/Desktop/rosboard-main/build/rosboard/build/lib/rosboard/html/fonts/titillium-web-v10-latin-700.eot -> /home/nfl/Desktop/rosboard-main/install/rosboard/lib/python3.10/site-packages/rosboard/html/fonts
[0.646s] copying /home/nfl/Desktop/rosboard-main/build/rosboard/build/lib/rosboard/html/fonts/titillium-web-v10-latin-300.ttf -> /home/nfl/Desktop/rosboard-main/install/rosboard/lib/python3.10/site-packages/rosboard/html/fonts
[0.646s] copying /home/nfl/Desktop/rosboard-main/build/rosboard/build/lib/rosboard/html/fonts/jetbrains-mono-v6-latin-300.woff2 -> /home/nfl/Desktop/rosboard-main/install/rosboard/lib/python3.10/site-packages/rosboard/html/fonts
[0.646s] copying /home/nfl/Desktop/rosboard-main/build/rosboard/build/lib/rosboard/html/fonts/titillium-web-v10-latin-300.svg -> /home/nfl/Desktop/rosboard-main/install/rosboard/lib/python3.10/site-packages/rosboard/html/fonts
[0.646s] copying /home/nfl/Desktop/rosboard-main/build/rosboard/build/lib/rosboard/html/fonts/titillium-web-v10-latin-700.svg -> /home/nfl/Desktop/rosboard-main/install/rosboard/lib/python3.10/site-packages/rosboard/html/fonts
[0.646s] copying /home/nfl/Desktop/rosboard-main/build/rosboard/build/lib/rosboard/html/fonts/MaterialIcons-Regular.ijmap -> /home/nfl/Desktop/rosboard-main/install/rosboard/lib/python3.10/site-packages/rosboard/html/fonts
[0.647s] copying /home/nfl/Desktop/rosboard-main/build/rosboard/build/lib/rosboard/html/fonts/titillium-web-v10-latin-300.eot -> /home/nfl/Desktop/rosboard-main/install/rosboard/lib/python3.10/site-packages/rosboard/html/fonts
[0.647s] copying /home/nfl/Desktop/rosboard-main/build/rosboard/build/lib/rosboard/html/fonts/titillium-web-v10-latin-300.woff -> /home/nfl/Desktop/rosboard-main/install/rosboard/lib/python3.10/site-packages/rosboard/html/fonts
[0.647s] copying /home/nfl/Desktop/rosboard-main/build/rosboard/build/lib/rosboard/html/fonts/jetbrains-mono-v6-latin-700.woff2 -> /home/nfl/Desktop/rosboard-main/install/rosboard/lib/python3.10/site-packages/rosboard/html/fonts
[0.647s] copying /home/nfl/Desktop/rosboard-main/build/rosboard/build/lib/rosboard/html/fonts/titillium-web-v10-latin-700.ttf -> /home/nfl/Desktop/rosboard-main/install/rosboard/lib/python3.10/site-packages/rosboard/html/fonts
[0.647s] copying /home/nfl/Desktop/rosboard-main/build/rosboard/build/lib/rosboard/html/fonts/MaterialIcons-Regular.ttf -> /home/nfl/Desktop/rosboard-main/install/rosboard/lib/python3.10/site-packages/rosboard/html/fonts
[0.647s] copying /home/nfl/Desktop/rosboard-main/build/rosboard/build/lib/rosboard/html/fonts/jetbrains-mono-v6-latin-300.eot -> /home/nfl/Desktop/rosboard-main/install/rosboard/lib/python3.10/site-packages/rosboard/html/fonts
[0.647s] copying /home/nfl/Desktop/rosboard-main/build/rosboard/build/lib/rosboard/html/fonts/jetbrains-mono-v6-latin-700.ttf -> /home/nfl/Desktop/rosboard-main/install/rosboard/lib/python3.10/site-packages/rosboard/html/fonts
[0.647s] copying /home/nfl/Desktop/rosboard-main/build/rosboard/build/lib/rosboard/html/fonts/titillium-web-v10-latin-700.woff2 -> /home/nfl/Desktop/rosboard-main/install/rosboard/lib/python3.10/site-packages/rosboard/html/fonts
[0.647s] copying /home/nfl/Desktop/rosboard-main/build/rosboard/build/lib/rosboard/html/fonts/jetbrains-mono-v6-latin-700.svg -> /home/nfl/Desktop/rosboard-main/install/rosboard/lib/python3.10/site-packages/rosboard/html/fonts
[0.647s] copying /home/nfl/Desktop/rosboard-main/build/rosboard/build/lib/rosboard/html/fonts/MaterialIcons-Regular.svg -> /home/nfl/Desktop/rosboard-main/install/rosboard/lib/python3.10/site-packages/rosboard/html/fonts
[0.647s] copying /home/nfl/Desktop/rosboard-main/build/rosboard/build/lib/rosboard/html/fonts/MaterialIcons-Regular.eot -> /home/nfl/Desktop/rosboard-main/install/rosboard/lib/python3.10/site-packages/rosboard/html/fonts
[0.647s] copying /home/nfl/Desktop/rosboard-main/build/rosboard/build/lib/rosboard/html/fonts/jetbrains-mono-v6-latin-300.woff -> /home/nfl/Desktop/rosboard-main/install/rosboard/lib/python3.10/site-packages/rosboard/html/fonts
[0.647s] copying /home/nfl/Desktop/rosboard-main/build/rosboard/build/lib/rosboard/html/fonts/MaterialIcons-Regular.woff -> /home/nfl/Desktop/rosboard-main/install/rosboard/lib/python3.10/site-packages/rosboard/html/fonts
[0.647s] copying /home/nfl/Desktop/rosboard-main/build/rosboard/build/lib/rosboard/html/fonts/jetbrains-mono-v6-latin-700.woff -> /home/nfl/Desktop/rosboard-main/install/rosboard/lib/python3.10/site-packages/rosboard/html/fonts
[0.647s] creating /home/nfl/Desktop/rosboard-main/install/rosboard/lib/python3.10/site-packages/rosboard/html/js
[0.647s] copying /home/nfl/Desktop/rosboard-main/build/rosboard/build/lib/rosboard/html/js/leaflet.js -> /home/nfl/Desktop/rosboard-main/install/rosboard/lib/python3.10/site-packages/rosboard/html/js
[0.648s] copying /home/nfl/Desktop/rosboard-main/build/rosboard/build/lib/rosboard/html/js/leaflet-src.esm.js -> /home/nfl/Desktop/rosboard-main/install/rosboard/lib/python3.10/site-packages/rosboard/html/js
[0.648s] copying /home/nfl/Desktop/rosboard-main/build/rosboard/build/lib/rosboard/html/js/jquery.transit.min.js -> /home/nfl/Desktop/rosboard-main/install/rosboard/lib/python3.10/site-packages/rosboard/html/js
[0.648s] copying /home/nfl/Desktop/rosboard-main/build/rosboard/build/lib/rosboard/html/js/leaflet-src.js.map -> /home/nfl/Desktop/rosboard-main/install/rosboard/lib/python3.10/site-packages/rosboard/html/js
[0.648s] copying /home/nfl/Desktop/rosboard-main/build/rosboard/build/lib/rosboard/html/js/json5.min.js -> /home/nfl/Desktop/rosboard-main/install/rosboard/lib/python3.10/site-packages/rosboard/html/js
[0.648s] copying /home/nfl/Desktop/rosboard-main/build/rosboard/build/lib/rosboard/html/js/material.min.js.map -> /home/nfl/Desktop/rosboard-main/install/rosboard/lib/python3.10/site-packages/rosboard/html/js
[0.648s] copying /home/nfl/Desktop/rosboard-main/build/rosboard/build/lib/rosboard/html/js/gl-matrix.js -> /home/nfl/Desktop/rosboard-main/install/rosboard/lib/python3.10/site-packages/rosboard/html/js
[0.649s] copying /home/nfl/Desktop/rosboard-main/build/rosboard/build/lib/rosboard/html/js/leaflet.js.map -> /home/nfl/Desktop/rosboard-main/install/rosboard/lib/python3.10/site-packages/rosboard/html/js
[0.649s] copying /home/nfl/Desktop/rosboard-main/build/rosboard/build/lib/rosboard/html/js/litegl.min.js -> /home/nfl/Desktop/rosboard-main/install/rosboard/lib/python3.10/site-packages/rosboard/html/js
[0.649s] copying /home/nfl/Desktop/rosboard-main/build/rosboard/build/lib/rosboard/html/js/masonry.pkgd.min.js -> /home/nfl/Desktop/rosboard-main/install/rosboard/lib/python3.10/site-packages/rosboard/html/js
[0.649s] copying /home/nfl/Desktop/rosboard-main/build/rosboard/build/lib/rosboard/html/js/leaflet.easy-button.js -> /home/nfl/Desktop/rosboard-main/install/rosboard/lib/python3.10/site-packages/rosboard/html/js
[0.649s] copying /home/nfl/Desktop/rosboard-main/build/rosboard/build/lib/rosboard/html/js/draggabilly.pkgd.min.js -> /home/nfl/Desktop/rosboard-main/install/rosboard/lib/python3.10/site-packages/rosboard/html/js
[0.649s] copying /home/nfl/Desktop/rosboard-main/build/rosboard/build/lib/rosboard/html/js/jquery-3.1.0.min.js -> /home/nfl/Desktop/rosboard-main/install/rosboard/lib/python3.10/site-packages/rosboard/html/js
[0.649s] copying /home/nfl/Desktop/rosboard-main/build/rosboard/build/lib/rosboard/html/js/uPlot.iife.min.js -> /home/nfl/Desktop/rosboard-main/install/rosboard/lib/python3.10/site-packages/rosboard/html/js
[0.649s] creating /home/nfl/Desktop/rosboard-main/install/rosboard/lib/python3.10/site-packages/rosboard/html/js/viewers
[0.649s] copying /home/nfl/Desktop/rosboard-main/build/rosboard/build/lib/rosboard/html/js/viewers/TimeSeriesPlotViewer.js -> /home/nfl/Desktop/rosboard-main/install/rosboard/lib/python3.10/site-packages/rosboard/html/js/viewers
[0.649s] copying /home/nfl/Desktop/rosboard-main/build/rosboard/build/lib/rosboard/html/js/viewers/LaserScanViewer.js -> /home/nfl/Desktop/rosboard-main/install/rosboard/lib/python3.10/site-packages/rosboard/html/js/viewers
[0.649s] copying /home/nfl/Desktop/rosboard-main/build/rosboard/build/lib/rosboard/html/js/viewers/ImageViewer.js -> /home/nfl/Desktop/rosboard-main/install/rosboard/lib/python3.10/site-packages/rosboard/html/js/viewers
[0.649s] copying /home/nfl/Desktop/rosboard-main/build/rosboard/build/lib/rosboard/html/js/viewers/ProcessListViewer.js -> /home/nfl/Desktop/rosboard-main/install/rosboard/lib/python3.10/site-packages/rosboard/html/js/viewers
[0.649s] copying /home/nfl/Desktop/rosboard-main/build/rosboard/build/lib/rosboard/html/js/viewers/PointCloud2Viewer.js -> /home/nfl/Desktop/rosboard-main/install/rosboard/lib/python3.10/site-packages/rosboard/html/js/viewers
[0.649s] copying /home/nfl/Desktop/rosboard-main/build/rosboard/build/lib/rosboard/html/js/viewers/LogViewer.js -> /home/nfl/Desktop/rosboard-main/install/rosboard/lib/python3.10/site-packages/rosboard/html/js/viewers
[0.649s] copying /home/nfl/Desktop/rosboard-main/build/rosboard/build/lib/rosboard/html/js/viewers/GeometryViewer.js -> /home/nfl/Desktop/rosboard-main/install/rosboard/lib/python3.10/site-packages/rosboard/html/js/viewers
[0.649s] creating /home/nfl/Desktop/rosboard-main/install/rosboard/lib/python3.10/site-packages/rosboard/html/js/viewers/meta
[0.649s] copying /home/nfl/Desktop/rosboard-main/build/rosboard/build/lib/rosboard/html/js/viewers/meta/Viewer.js -> /home/nfl/Desktop/rosboard-main/install/rosboard/lib/python3.10/site-packages/rosboard/html/js/viewers/meta
[0.649s] copying /home/nfl/Desktop/rosboard-main/build/rosboard/build/lib/rosboard/html/js/viewers/meta/Space3DViewer.js -> /home/nfl/Desktop/rosboard-main/install/rosboard/lib/python3.10/site-packages/rosboard/html/js/viewers/meta
[0.649s] copying /home/nfl/Desktop/rosboard-main/build/rosboard/build/lib/rosboard/html/js/viewers/meta/Space2DViewer.js -> /home/nfl/Desktop/rosboard-main/install/rosboard/lib/python3.10/site-packages/rosboard/html/js/viewers/meta
[0.649s] copying /home/nfl/Desktop/rosboard-main/build/rosboard/build/lib/rosboard/html/js/viewers/DiagnosticViewer.js -> /home/nfl/Desktop/rosboard-main/install/rosboard/lib/python3.10/site-packages/rosboard/html/js/viewers
[0.650s] copying /home/nfl/Desktop/rosboard-main/build/rosboard/build/lib/rosboard/html/js/viewers/GenericViewer.js -> /home/nfl/Desktop/rosboard-main/install/rosboard/lib/python3.10/site-packages/rosboard/html/js/viewers
[0.650s] copying /home/nfl/Desktop/rosboard-main/build/rosboard/build/lib/rosboard/html/js/viewers/PolygonViewer.js -> /home/nfl/Desktop/rosboard-main/install/rosboard/lib/python3.10/site-packages/rosboard/html/js/viewers
[0.650s] copying /home/nfl/Desktop/rosboard-main/build/rosboard/build/lib/rosboard/html/js/viewers/MapViewer.js -> /home/nfl/Desktop/rosboard-main/install/rosboard/lib/python3.10/site-packages/rosboard/html/js/viewers
[0.650s] copying /home/nfl/Desktop/rosboard-main/build/rosboard/build/lib/rosboard/html/js/rosbag.js -> /home/nfl/Desktop/rosboard-main/install/rosboard/lib/python3.10/site-packages/rosboard/html/js
[0.650s] copying /home/nfl/Desktop/rosboard-main/build/rosboard/build/lib/rosboard/html/js/material.min.js -> /home/nfl/Desktop/rosboard-main/install/rosboard/lib/python3.10/site-packages/rosboard/html/js
[0.650s] copying /home/nfl/Desktop/rosboard-main/build/rosboard/build/lib/rosboard/html/js/eventemitter2.min.js -> /home/nfl/Desktop/rosboard-main/install/rosboard/lib/python3.10/site-packages/rosboard/html/js
[0.650s] copying /home/nfl/Desktop/rosboard-main/build/rosboard/build/lib/rosboard/html/js/import-helper.js -> /home/nfl/Desktop/rosboard-main/install/rosboard/lib/python3.10/site-packages/rosboard/html/js
[0.650s] copying /home/nfl/Desktop/rosboard-main/build/rosboard/build/lib/rosboard/html/js/leaflet-src.esm.js.map -> /home/nfl/Desktop/rosboard-main/install/rosboard/lib/python3.10/site-packages/rosboard/html/js
[0.650s] copying /home/nfl/Desktop/rosboard-main/build/rosboard/build/lib/rosboard/html/js/index.js -> /home/nfl/Desktop/rosboard-main/install/rosboard/lib/python3.10/site-packages/rosboard/html/js
[0.650s] creating /home/nfl/Desktop/rosboard-main/install/rosboard/lib/python3.10/site-packages/rosboard/html/js/transports
[0.650s] copying /home/nfl/Desktop/rosboard-main/build/rosboard/build/lib/rosboard/html/js/transports/RosbagTransport.js -> /home/nfl/Desktop/rosboard-main/install/rosboard/lib/python3.10/site-packages/rosboard/html/js/transports
[0.650s] copying /home/nfl/Desktop/rosboard-main/build/rosboard/build/lib/rosboard/html/js/transports/WebSocketV1Transport.js -> /home/nfl/Desktop/rosboard-main/install/rosboard/lib/python3.10/site-packages/rosboard/html/js/transports
[0.650s] copying /home/nfl/Desktop/rosboard-main/build/rosboard/build/lib/rosboard/html/js/transports/Rosbag2Transport.js -> /home/nfl/Desktop/rosboard-main/install/rosboard/lib/python3.10/site-packages/rosboard/html/js/transports
[0.650s] copying /home/nfl/Desktop/rosboard-main/build/rosboard/build/lib/rosboard/html/js/transports/DeviceSensorTransport.js -> /home/nfl/Desktop/rosboard-main/install/rosboard/lib/python3.10/site-packages/rosboard/html/js/transports
[0.650s] copying /home/nfl/Desktop/rosboard-main/build/rosboard/build/lib/rosboard/html/js/transports/RosBridgeTransport.js -> /home/nfl/Desktop/rosboard-main/install/rosboard/lib/python3.10/site-packages/rosboard/html/js/transports
[0.650s] copying /home/nfl/Desktop/rosboard-main/build/rosboard/build/lib/rosboard/html/js/leaflet-src.js -> /home/nfl/Desktop/rosboard-main/install/rosboard/lib/python3.10/site-packages/rosboard/html/js
[0.651s] copying /home/nfl/Desktop/rosboard-main/build/rosboard/build/lib/rosboard/html/ros_interface.js -> /home/nfl/Desktop/rosboard-main/install/rosboard/lib/python3.10/site-packages/rosboard/html
[0.651s] copying /home/nfl/Desktop/rosboard-main/build/rosboard/build/lib/rosboard/html/ayam.html -> /home/nfl/Desktop/rosboard-main/install/rosboard/lib/python3.10/site-packages/rosboard/html
[0.651s] copying /home/nfl/Desktop/rosboard-main/build/rosboard/build/lib/rosboard/handlers.py -> /home/nfl/Desktop/rosboard-main/install/rosboard/lib/python3.10/site-packages/rosboard
[0.651s] copying /home/nfl/Desktop/rosboard-main/build/rosboard/build/lib/rosboard/rosboard.py -> /home/nfl/Desktop/rosboard-main/install/rosboard/lib/python3.10/site-packages/rosboard
[0.651s] byte-compiling /home/nfl/Desktop/rosboard-main/install/rosboard/lib/python3.10/site-packages/rosboard/cv_bridge.py to cv_bridge.cpython-310.pyc
[0.652s] byte-compiling /home/nfl/Desktop/rosboard-main/install/rosboard/lib/python3.10/site-packages/rosboard/serialization.py to serialization.cpython-310.pyc
[0.652s] byte-compiling /home/nfl/Desktop/rosboard-main/install/rosboard/lib/python3.10/site-packages/rosboard/rospy2/constants.py to constants.cpython-310.pyc
[0.653s] byte-compiling /home/nfl/Desktop/rosboard-main/install/rosboard/lib/python3.10/site-packages/rosboard/rospy2/__init__.py to __init__.cpython-310.pyc
[0.655s] byte-compiling /home/nfl/Desktop/rosboard-main/install/rosboard/lib/python3.10/site-packages/rosboard/compression.py to compression.cpython-310.pyc
[0.657s] byte-compiling /home/nfl/Desktop/rosboard-main/install/rosboard/lib/python3.10/site-packages/rosboard/subscribers/processes_subscriber.py to processes_subscriber.cpython-310.pyc
[0.657s] byte-compiling /home/nfl/Desktop/rosboard-main/install/rosboard/lib/python3.10/site-packages/rosboard/subscribers/dmesg_subscriber.py to dmesg_subscriber.cpython-310.pyc
[0.657s] byte-compiling /home/nfl/Desktop/rosboard-main/install/rosboard/lib/python3.10/site-packages/rosboard/subscribers/__init__.py to __init__.cpython-310.pyc
[0.657s] byte-compiling /home/nfl/Desktop/rosboard-main/install/rosboard/lib/python3.10/site-packages/rosboard/subscribers/dummy_subscriber.py to dummy_subscriber.cpython-310.pyc
[0.657s] byte-compiling /home/nfl/Desktop/rosboard-main/install/rosboard/lib/python3.10/site-packages/rosboard/subscribers/system_stats_subscriber.py to system_stats_subscriber.cpython-310.pyc
[0.658s] byte-compiling /home/nfl/Desktop/rosboard-main/install/rosboard/lib/python3.10/site-packages/rosboard/__init__.py to __init__.cpython-310.pyc
[0.658s] byte-compiling /home/nfl/Desktop/rosboard-main/install/rosboard/lib/python3.10/site-packages/rosboard/message_serialization.py to message_serialization.cpython-310.pyc
[0.658s] byte-compiling /home/nfl/Desktop/rosboard-main/install/rosboard/lib/python3.10/site-packages/rosboard/handlers.py to handlers.cpython-310.pyc
[0.659s] byte-compiling /home/nfl/Desktop/rosboard-main/install/rosboard/lib/python3.10/site-packages/rosboard/rosboard.py to rosboard.cpython-310.pyc
[0.660s] running install_data
[0.660s] copying package.xml -> /home/nfl/Desktop/rosboard-main/install/rosboard/share/rosboard
[0.660s] creating /home/nfl/Desktop/rosboard-main/install/rosboard/share/ament_index
[0.660s] creating /home/nfl/Desktop/rosboard-main/install/rosboard/share/ament_index/resource_index
[0.660s] creating /home/nfl/Desktop/rosboard-main/install/rosboard/share/ament_index/resource_index/packages
[0.660s] copying resource/rosboard -> /home/nfl/Desktop/rosboard-main/install/rosboard/share/ament_index/resource_index/packages
[0.660s] running install_egg_info
[0.661s] Copying build/rosboard/rosboard.egg-info to /home/nfl/Desktop/rosboard-main/install/rosboard/lib/python3.10/site-packages/rosboard-1.3.1-py3.10.egg-info
[0.662s] running install_scripts
[0.675s] Installing rosboard_node script to /home/nfl/Desktop/rosboard-main/install/rosboard/lib/rosboard
[0.675s] writing list of installed files to '/home/nfl/Desktop/rosboard-main/build/rosboard/install.log'
[0.695s] Invoked command in '/home/nfl/Desktop/rosboard-main' returned '0': PYTHONPATH=/home/nfl/Desktop/rosboard-main/build/rosboard/prefix_override:/usr/lib/python3/dist-packages/colcon_core/task/python/colcon_distutils_commands:/home/nfl/Desktop/rosboard-main/install/rosboard/lib/python3.10/site-packages:${PYTHONPATH} /usr/bin/python3 -W ignore:setup.py install is deprecated -W ignore:easy_install command is deprecated setup.py egg_info --egg-base build/rosboard build --build-base /home/nfl/Desktop/rosboard-main/build/rosboard/build install --record /home/nfl/Desktop/rosboard-main/build/rosboard/install.log --single-version-externally-managed install_data
