[0.081s] [34mcolcon[0m [1;30mDEBUG[0m [32mCommand line arguments: ['/usr/bin/colcon', 'build'][0m
[0.081s] [34mcolcon[0m [1;30mDEBUG[0m [32mParsed command line arguments: Namespace(log_base=None, log_level=None, verb_name='build', build_base='build', install_base='install', merge_install=False, symlink_install=False, test_result_base=None, continue_on_error=False, executor='parallel', parallel_workers=16, event_handlers=None, ignore_user_meta=False, metas=['./colcon.meta'], base_paths=['.'], packages_ignore=None, packages_ignore_regex=None, paths=None, packages_up_to=None, packages_up_to_regex=None, packages_above=None, packages_above_and_dependencies=None, packages_above_depth=None, packages_select_by_dep=None, packages_skip_by_dep=None, packages_skip_up_to=None, packages_select_build_failed=False, packages_skip_build_finished=False, packages_select_test_failures=False, packages_skip_test_passed=False, packages_select=None, packages_skip=None, packages_select_regex=None, packages_skip_regex=None, packages_start=None, packages_end=None, allow_overriding=[], cmake_args=None, cmake_target=None, cmake_target_skip_unavailable=False, cmake_clean_cache=False, cmake_clean_first=False, cmake_force_configure=False, ament_cmake_args=None, catkin_cmake_args=None, catkin_skip_building_tests=False, mixin_files=None, mixin=None, verb_parser=<colcon_mixin.mixin.mixin_argument.MixinArgumentDecorator object at 0x75bb24585b70>, verb_extension=<colcon_core.verb.build.BuildVerb object at 0x75bb24585690>, main=<bound method BuildVerb.main of <colcon_core.verb.build.BuildVerb object at 0x75bb24585690>>, mixin_verb=('build',))[0m
[0.108s] [34mcolcon.colcon_core.package_discovery[0m [1;30mLevel 1[0m discover_packages(colcon_meta) check parameters
[0.108s] [34mcolcon.colcon_core.package_discovery[0m [1;30mLevel 1[0m discover_packages(recursive) check parameters
[0.108s] [34mcolcon.colcon_core.package_discovery[0m [1;30mLevel 1[0m discover_packages(ignore) check parameters
[0.108s] [34mcolcon.colcon_core.package_discovery[0m [1;30mLevel 1[0m discover_packages(path) check parameters
[0.108s] [34mcolcon.colcon_core.package_discovery[0m [1;30mLevel 1[0m discover_packages(colcon_meta) discover
[0.108s] [34mcolcon.colcon_core.package_discovery[0m [1;30mLevel 1[0m discover_packages(recursive) discover
[0.108s] [34mcolcon.colcon_core.package_discovery[0m [1;30mINFO[0m Crawling recursively for packages in '/home/nopal/dash_hybrid/rosboard-main'
[0.108s] [34mcolcon.colcon_core.package_identification[0m [1;30mLevel 1[0m _identify(.) by extensions ['ignore', 'ignore_ament_install']
[0.108s] [34mcolcon.colcon_core.package_identification[0m [1;30mLevel 1[0m _identify(.) by extension 'ignore'
[0.108s] [34mcolcon.colcon_core.package_identification[0m [1;30mLevel 1[0m _identify(.) by extension 'ignore_ament_install'
[0.108s] [34mcolcon.colcon_core.package_identification[0m [1;30mLevel 1[0m _identify(.) by extensions ['colcon_pkg']
[0.108s] [34mcolcon.colcon_core.package_identification[0m [1;30mLevel 1[0m _identify(.) by extension 'colcon_pkg'
[0.108s] [34mcolcon.colcon_core.package_identification[0m [1;30mLevel 1[0m _identify(.) by extensions ['colcon_meta']
[0.108s] [34mcolcon.colcon_core.package_identification[0m [1;30mLevel 1[0m _identify(.) by extension 'colcon_meta'
[0.108s] [34mcolcon.colcon_core.package_identification[0m [1;30mLevel 1[0m _identify(.) by extensions ['ros']
[0.108s] [34mcolcon.colcon_core.package_identification[0m [1;30mLevel 1[0m _identify(.) by extension 'ros'
[0.127s] [34mcolcon.colcon_core.package_identification[0m [1;30mDEBUG[0m [32mPackage '.' with type 'ros.ament_python' and name 'rosboard'[0m
[0.127s] [34mcolcon.colcon_core.package_discovery[0m [1;30mLevel 1[0m discover_packages(recursive) using defaults
[0.127s] [34mcolcon.colcon_core.package_discovery[0m [1;30mLevel 1[0m discover_packages(ignore) discover
[0.127s] [34mcolcon.colcon_core.package_discovery[0m [1;30mLevel 1[0m discover_packages(ignore) using defaults
[0.127s] [34mcolcon.colcon_core.package_discovery[0m [1;30mLevel 1[0m discover_packages(path) discover
[0.127s] [34mcolcon.colcon_core.package_discovery[0m [1;30mLevel 1[0m discover_packages(path) using defaults
[0.138s] [34mcolcon.colcon_core.package_discovery[0m [1;30mLevel 1[0m discover_packages(prefix_path) check parameters
[0.138s] [34mcolcon.colcon_core.package_discovery[0m [1;30mLevel 1[0m discover_packages(prefix_path) discover
[0.139s] [34mcolcon.colcon_installed_package_information.package_discovery[0m [1;30mDEBUG[0m [32mFound 1 installed packages in /home/nopal/dash_hybrid/rosboard-main/install[0m
[0.140s] [34mcolcon.colcon_installed_package_information.package_discovery[0m [1;30mDEBUG[0m [32mFound 424 installed packages in /opt/ros/humble[0m
[0.142s] [34mcolcon.colcon_core.package_discovery[0m [1;30mLevel 1[0m discover_packages(prefix_path) using defaults
[0.178s] [34mcolcon.colcon_core.verb[0m [1;30mLevel 5[0m set package 'rosboard' build argument 'cmake_args' from command line to 'None'
[0.178s] [34mcolcon.colcon_core.verb[0m [1;30mLevel 5[0m set package 'rosboard' build argument 'cmake_target' from command line to 'None'
[0.178s] [34mcolcon.colcon_core.verb[0m [1;30mLevel 5[0m set package 'rosboard' build argument 'cmake_target_skip_unavailable' from command line to 'False'
[0.178s] [34mcolcon.colcon_core.verb[0m [1;30mLevel 5[0m set package 'rosboard' build argument 'cmake_clean_cache' from command line to 'False'
[0.178s] [34mcolcon.colcon_core.verb[0m [1;30mLevel 5[0m set package 'rosboard' build argument 'cmake_clean_first' from command line to 'False'
[0.178s] [34mcolcon.colcon_core.verb[0m [1;30mLevel 5[0m set package 'rosboard' build argument 'cmake_force_configure' from command line to 'False'
[0.178s] [34mcolcon.colcon_core.verb[0m [1;30mLevel 5[0m set package 'rosboard' build argument 'ament_cmake_args' from command line to 'None'
[0.178s] [34mcolcon.colcon_core.verb[0m [1;30mLevel 5[0m set package 'rosboard' build argument 'catkin_cmake_args' from command line to 'None'
[0.178s] [34mcolcon.colcon_core.verb[0m [1;30mLevel 5[0m set package 'rosboard' build argument 'catkin_skip_building_tests' from command line to 'False'
[0.178s] [34mcolcon.colcon_core.verb[0m [1;30mDEBUG[0m [32mBuilding package 'rosboard' with the following arguments: {'ament_cmake_args': None, 'build_base': '/home/nopal/dash_hybrid/rosboard-main/build/rosboard', 'catkin_cmake_args': None, 'catkin_skip_building_tests': False, 'cmake_args': None, 'cmake_clean_cache': False, 'cmake_clean_first': False, 'cmake_force_configure': False, 'cmake_target': None, 'cmake_target_skip_unavailable': False, 'install_base': '/home/nopal/dash_hybrid/rosboard-main/install/rosboard', 'merge_install': False, 'path': '/home/nopal/dash_hybrid/rosboard-main', 'symlink_install': False, 'test_result_base': None}[0m
[0.179s] [34mcolcon.colcon_core.executor[0m [1;30mINFO[0m Executing jobs using 'parallel' executor
[0.179s] [34mcolcon.colcon_parallel_executor.executor.parallel[0m [1;30mDEBUG[0m [32mrun_until_complete[0m
[0.179s] [34mcolcon.colcon_ros.task.ament_python.build[0m [1;30mINFO[0m Building ROS package in '/home/nopal/dash_hybrid/rosboard-main' with build type 'ament_python'
[0.180s] [34mcolcon.colcon_core.shell[0m [1;30mLevel 1[0m create_environment_hook('rosboard', 'ament_prefix_path')
[0.181s] [34mcolcon.colcon_core.plugin_system[0m [1;30mINFO[0m Skipping extension 'colcon_core.shell.bat': Not used on non-Windows systems
[0.181s] [34mcolcon.colcon_core.shell[0m [1;30mINFO[0m Creating environment hook '/home/nopal/dash_hybrid/rosboard-main/install/rosboard/share/rosboard/hook/ament_prefix_path.ps1'
[0.181s] [34mcolcon.colcon_core.shell[0m [1;30mINFO[0m Creating environment descriptor '/home/nopal/dash_hybrid/rosboard-main/install/rosboard/share/rosboard/hook/ament_prefix_path.dsv'
[0.182s] [34mcolcon.colcon_core.shell[0m [1;30mINFO[0m Creating environment hook '/home/nopal/dash_hybrid/rosboard-main/install/rosboard/share/rosboard/hook/ament_prefix_path.sh'
[0.182s] [34mcolcon.colcon_core.shell[0m [1;30mINFO[0m Skip shell extension 'powershell' for command environment: Not usable outside of PowerShell
[0.182s] [34mcolcon.colcon_core.shell[0m [1;30mDEBUG[0m [32mSkip shell extension 'dsv' for command environment[0m
[0.341s] [34mcolcon.colcon_core.task.python.build[0m [1;30mINFO[0m Building Python package in '/home/nopal/dash_hybrid/rosboard-main'
[0.341s] [34mcolcon.colcon_core.shell[0m [1;30mINFO[0m Skip shell extension 'powershell' for command environment: Not usable outside of PowerShell
[0.341s] [34mcolcon.colcon_core.shell[0m [1;30mDEBUG[0m [32mSkip shell extension 'dsv' for command environment[0m
[0.860s] [34mcolcon.colcon_core.event_handler.log_command[0m [1;30mDEBUG[0m [32mInvoking command in '/home/nopal/dash_hybrid/rosboard-main': PYTHONPATH=/home/nopal/dash_hybrid/rosboard-main/build/rosboard/prefix_override:/usr/lib/python3/dist-packages/colcon_core/task/python/colcon_distutils_commands:/home/nopal/dash_hybrid/rosboard-main/install/rosboard/lib/python3.10/site-packages:${PYTHONPATH} /usr/bin/python3 -W ignore:setup.py install is deprecated -W ignore:easy_install command is deprecated setup.py egg_info --egg-base build/rosboard build --build-base /home/nopal/dash_hybrid/rosboard-main/build/rosboard/build install --record /home/nopal/dash_hybrid/rosboard-main/build/rosboard/install.log --single-version-externally-managed install_data[0m
[1.280s] [34mcolcon.colcon_core.event_handler.log_command[0m [1;30mDEBUG[0m [32mInvoked command in '/home/nopal/dash_hybrid/rosboard-main' returned '0': PYTHONPATH=/home/nopal/dash_hybrid/rosboard-main/build/rosboard/prefix_override:/usr/lib/python3/dist-packages/colcon_core/task/python/colcon_distutils_commands:/home/nopal/dash_hybrid/rosboard-main/install/rosboard/lib/python3.10/site-packages:${PYTHONPATH} /usr/bin/python3 -W ignore:setup.py install is deprecated -W ignore:easy_install command is deprecated setup.py egg_info --egg-base build/rosboard build --build-base /home/nopal/dash_hybrid/rosboard-main/build/rosboard/build install --record /home/nopal/dash_hybrid/rosboard-main/build/rosboard/install.log --single-version-externally-managed install_data[0m
[1.282s] [34mcolcon.colcon_core.environment[0m [1;30mLevel 1[0m checking '/home/nopal/dash_hybrid/rosboard-main/install/rosboard' for CMake module files
[1.283s] [34mcolcon.colcon_core.environment[0m [1;30mLevel 1[0m checking '/home/nopal/dash_hybrid/rosboard-main/install/rosboard' for CMake config files
[1.283s] [34mcolcon.colcon_core.environment[0m [1;30mLevel 1[0m checking '/home/nopal/dash_hybrid/rosboard-main/install/rosboard/lib'
[1.283s] [34mcolcon.colcon_core.environment[0m [1;30mLevel 1[0m checking '/home/nopal/dash_hybrid/rosboard-main/install/rosboard/bin'
[1.283s] [34mcolcon.colcon_core.environment[0m [1;30mLevel 1[0m checking '/home/nopal/dash_hybrid/rosboard-main/install/rosboard/lib/pkgconfig/rosboard.pc'
[1.284s] [34mcolcon.colcon_core.environment[0m [1;30mLevel 1[0m checking '/home/nopal/dash_hybrid/rosboard-main/install/rosboard/lib/python3.10/site-packages'
[1.284s] [34mcolcon.colcon_core.shell[0m [1;30mLevel 1[0m create_environment_hook('rosboard', 'pythonpath')
[1.284s] [34mcolcon.colcon_core.shell[0m [1;30mINFO[0m Creating environment hook '/home/nopal/dash_hybrid/rosboard-main/install/rosboard/share/rosboard/hook/pythonpath.ps1'
[1.284s] [34mcolcon.colcon_core.shell[0m [1;30mINFO[0m Creating environment descriptor '/home/nopal/dash_hybrid/rosboard-main/install/rosboard/share/rosboard/hook/pythonpath.dsv'
[1.285s] [34mcolcon.colcon_core.shell[0m [1;30mINFO[0m Creating environment hook '/home/nopal/dash_hybrid/rosboard-main/install/rosboard/share/rosboard/hook/pythonpath.sh'
[1.285s] [34mcolcon.colcon_core.environment[0m [1;30mLevel 1[0m checking '/home/nopal/dash_hybrid/rosboard-main/install/rosboard/bin'
[1.285s] [34mcolcon.colcon_core.environment[0m [1;30mLevel 1[0m create_environment_scripts_only(rosboard)
[1.285s] [34mcolcon.colcon_core.shell[0m [1;30mINFO[0m Creating package script '/home/nopal/dash_hybrid/rosboard-main/install/rosboard/share/rosboard/package.ps1'
[1.286s] [34mcolcon.colcon_core.shell[0m [1;30mINFO[0m Creating package descriptor '/home/nopal/dash_hybrid/rosboard-main/install/rosboard/share/rosboard/package.dsv'
[1.286s] [34mcolcon.colcon_core.shell[0m [1;30mINFO[0m Creating package script '/home/nopal/dash_hybrid/rosboard-main/install/rosboard/share/rosboard/package.sh'
[1.287s] [34mcolcon.colcon_core.shell[0m [1;30mINFO[0m Creating package script '/home/nopal/dash_hybrid/rosboard-main/install/rosboard/share/rosboard/package.bash'
[1.287s] [34mcolcon.colcon_core.shell[0m [1;30mINFO[0m Creating package script '/home/nopal/dash_hybrid/rosboard-main/install/rosboard/share/rosboard/package.zsh'
[1.288s] [34mcolcon.colcon_core.environment[0m [1;30mLevel 1[0m create_file_with_runtime_dependencies(/home/nopal/dash_hybrid/rosboard-main/install/rosboard/share/colcon-core/packages/rosboard)
[1.288s] [34mcolcon.colcon_parallel_executor.executor.parallel[0m [1;30mDEBUG[0m [32mclosing loop[0m
[1.288s] [34mcolcon.colcon_parallel_executor.executor.parallel[0m [1;30mDEBUG[0m [32mloop closed[0m
[1.289s] [34mcolcon.colcon_parallel_executor.executor.parallel[0m [1;30mDEBUG[0m [32mrun_until_complete finished with '0'[0m
[1.289s] [34mcolcon.colcon_core.event_reactor[0m [1;30mDEBUG[0m [32mjoining thread[0m
[1.292s] [34mcolcon.colcon_core.plugin_system[0m [1;30mINFO[0m Skipping extension 'colcon_notification.desktop_notification.terminal_notifier': Not used on non-Darwin systems
[1.292s] [34mcolcon.colcon_core.plugin_system[0m [1;30mINFO[0m Skipping extension 'colcon_notification.desktop_notification.win32': Not used on non-Windows systems
[1.292s] [34mcolcon.colcon_notification.desktop_notification[0m [1;30mINFO[0m Sending desktop notification using 'notify2'
[1.301s] [34mcolcon.colcon_core.event_reactor[0m [1;30mDEBUG[0m [32mjoined thread[0m
[1.301s] [34mcolcon.colcon_core.shell[0m [1;30mINFO[0m Creating prefix script '/home/nopal/dash_hybrid/rosboard-main/install/local_setup.ps1'
[1.302s] [34mcolcon.colcon_core.shell[0m [1;30mINFO[0m Creating prefix util module '/home/nopal/dash_hybrid/rosboard-main/install/_local_setup_util_ps1.py'
[1.303s] [34mcolcon.colcon_core.shell[0m [1;30mINFO[0m Creating prefix chain script '/home/nopal/dash_hybrid/rosboard-main/install/setup.ps1'
[1.303s] [34mcolcon.colcon_core.shell[0m [1;30mINFO[0m Creating prefix script '/home/nopal/dash_hybrid/rosboard-main/install/local_setup.sh'
[1.304s] [34mcolcon.colcon_core.shell[0m [1;30mINFO[0m Creating prefix util module '/home/nopal/dash_hybrid/rosboard-main/install/_local_setup_util_sh.py'
[1.304s] [34mcolcon.colcon_core.shell[0m [1;30mINFO[0m Creating prefix chain script '/home/nopal/dash_hybrid/rosboard-main/install/setup.sh'
[1.305s] [34mcolcon.colcon_core.shell[0m [1;30mINFO[0m Creating prefix script '/home/nopal/dash_hybrid/rosboard-main/install/local_setup.bash'
[1.305s] [34mcolcon.colcon_core.shell[0m [1;30mINFO[0m Creating prefix chain script '/home/nopal/dash_hybrid/rosboard-main/install/setup.bash'
[1.305s] [34mcolcon.colcon_core.shell[0m [1;30mINFO[0m Creating prefix script '/home/nopal/dash_hybrid/rosboard-main/install/local_setup.zsh'
[1.306s] [34mcolcon.colcon_core.shell[0m [1;30mINFO[0m Creating prefix chain script '/home/nopal/dash_hybrid/rosboard-main/install/setup.zsh'
