[0.000000] (-) TimerEvent: {}
[0.000582] (rosboard) JobQueued: {'identifier': 'rosboard', 'dependencies': OrderedDict()}
[0.000698] (rosboard) JobStarted: {'identifier': 'rosboard'}
[0.099861] (-) TimerEvent: {}
[0.200221] (-) TimerEvent: {}
[0.300575] (-) TimerEvent: {}
[0.400825] (-) TimerEvent: {}
[0.501078] (-) TimerEvent: {}
[0.601327] (-) TimerEvent: {}
[0.673802] (rosboard) Command: {'cmd': ['/usr/bin/python3', '-W', 'ignore:setup.py install is deprecated', '-W', 'ignore:easy_install command is deprecated', 'setup.py', 'egg_info', '--egg-base', 'build/rosboard', 'build', '--build-base', '/home/nopal/dash_hybrid/rosboard-main/build/rosboard/build', 'install', '--record', '/home/nopal/dash_hybrid/rosboard-main/build/rosboard/install.log', '--single-version-externally-managed', 'install_data'], 'cwd': '/home/nopal/dash_hybrid/rosboard-main', 'env': {'GJS_DEBUG_TOPICS': 'JS ERROR;JS LOG', 'USER': 'nopal', 'LC_TIME': 'id_ID.UTF-8', 'XDG_SESSION_TYPE': 'x11', 'SHLVL': '1', 'LD_LIBRARY_PATH': '/opt/ros/humble/opt/rviz_ogre_vendor/lib:/opt/ros/humble/lib/x86_64-linux-gnu:/opt/ros/humble/opt/libphidget22/lib:/opt/ros/humble/lib', 'HOME': '/home/nopal', 'OLDPWD': '/home/nopal/dash_hybrid', 'DESKTOP_SESSION': 'ubuntu-xorg', 'GIO_LAUNCHED_DESKTOP_FILE': '/usr/share/applications/terminator.desktop', 'ZSH': '/home/nopal/.oh-my-zsh', 'GTK_MODULES': 'gail:atk-bridge', 'GNOME_SHELL_SESSION_MODE': 'ubuntu', 'ROS_PYTHON_VERSION': '3', 'MANAGERPID': '3072', 'LC_MONETARY': 'id_ID.UTF-8', 'SYSTEMD_EXEC_PID': '3292', 'DBUS_SESSION_BUS_ADDRESS': 'unix:path=/run/user/1000/bus', 'GIO_LAUNCHED_DESKTOP_FILE_PID': '4313', 'LIBVIRT_DEFAULT_URI': 'qemu:///system', 'TERMINATOR_DBUS_NAME': 'net.tenshu.Terminator21a9d5db22c73a993ff0b42f64b396873', 'COLORTERM': 'truecolor', 'ROS_DISTRO': 'humble', 'GTK_IM_MODULE': 'ibus', 'LOGNAME': 'nopal', 'JOURNAL_STREAM': '8:26036', 'IGN_GAZEBO_MODEL_PATH': '/opt/ros/humble/share', '_': '/usr/bin/colcon', 'XDG_SESSION_CLASS': 'user', 'ROS_VERSION': '2', 'TERM': 'xterm-256color', 'USERNAME': 'nopal', 'GAZEBO_MODEL_PATH': '/opt/ros/humble/share', 'GNOME_DESKTOP_SESSION_ID': 'this-is-deprecated', 'ROS_LOCALHOST_ONLY': '0', 'WINDOWPATH': '2', 'PATH': '/opt/ros/humble/bin:/home/nopal/.cargo/bin:/home/nopal/.local/bin:/usr/local/sbin:/usr/local/bin:/usr/sbin:/usr/bin:/sbin:/bin:/usr/games:/usr/local/games:/snap/bin:/snap/bin', 'SESSION_MANAGER': 'local/Nopal:@/tmp/.ICE-unix/3264,unix/Nopal:/tmp/.ICE-unix/3264', 'INVOCATION_ID': 'c9c03e86fdfc420187cf1006603e807b', 'XDG_MENU_PREFIX': 'gnome-', 'XDG_RUNTIME_DIR': '/run/user/1000', 'LC_ADDRESS': 'id_ID.UTF-8', 'DISPLAY': ':0', 'LANG': 'en_US.UTF-8', 'XDG_CURRENT_DESKTOP': 'ubuntu:GNOME', 'IBUS_DISABLE_SNOOPER': '1', 'LC_TELEPHONE': 'id_ID.UTF-8', 'TERMINATOR_DBUS_PATH': '/net/tenshu/Terminator2', 'XDG_SESSION_DESKTOP': 'ubuntu-xorg', 'XMODIFIERS': '@im=ibus', 'XAUTHORITY': '/run/user/1000/gdm/Xauthority', 'SSH_AUTH_SOCK': '/run/user/1000/keyring/ssh', 'SSH_AGENT_LAUNCHER': 'gnome-keyring', 'AMENT_PREFIX_PATH': '/opt/ros/humble', 'SHELL': '/usr/bin/zsh', 'TERMINATOR_UUID': 'urn:uuid:27230a6c-b52a-4eec-9fb5-f4ed101fd8ca', 'LC_NAME': 'id_ID.UTF-8', 'QT_ACCESSIBILITY': '1', 'GDMSESSION': 'ubuntu-xorg', 'IGN_GAZEBO_RESOURCE_PATH': '/opt/ros/humble/share', 'LC_MEASUREMENT': 'id_ID.UTF-8', 'LC_IDENTIFICATION': 'id_ID.UTF-8', 'GPG_AGENT_INFO': '/run/user/1000/gnupg/S.gpg-agent:0:1', 'GJS_DEBUG_OUTPUT': 'stderr', 'GAZEBO_RESOURCE_PATH': '/opt/ros/humble/share', 'QT_IM_MODULE': 'ibus', 'LC_ALL': 'en_US.UTF-8', 'PWD': '/home/nopal/dash_hybrid/rosboard-main/build/rosboard', 'ZSH_AUTOSUGGEST_HIGHLIGHT_STYLE': 'fg=cyan,bold', 'XDG_CONFIG_DIRS': '/etc/xdg/xdg-ubuntu-xorg:/etc/xdg', 'XDG_DATA_DIRS': '/usr/share/ubuntu-xorg:/usr/share/gnome:/usr/local/share/:/usr/share/:/var/lib/snapd/desktop', 'LC_NUMERIC': 'id_ID.UTF-8', 'PYTHONPATH': '/home/nopal/dash_hybrid/rosboard-main/build/rosboard/prefix_override:/usr/lib/python3/dist-packages/colcon_core/task/python/colcon_distutils_commands:/home/nopal/dash_hybrid/rosboard-main/install/rosboard/lib/python3.10/site-packages:/opt/ros/humble/lib/python3.10/site-packages:/opt/ros/humble/local/lib/python3.10/dist-packages', 'LC_PAPER': 'id_ID.UTF-8', 'COLCON': '1', 'VTE_VERSION': '6800'}, 'shell': False}
[0.701410] (-) TimerEvent: {}
[0.786967] (rosboard) StderrLine: {'line': b"/home/nopal/.local/lib/python3.10/site-packages/setuptools/_distutils/dist.py:289: UserWarning: Unknown distribution option: 'tests_require'\n"}
[0.787112] (rosboard) StderrLine: {'line': b'  warnings.warn(msg)\n'}
[0.801515] (-) TimerEvent: {}
[0.866993] (rosboard) StdoutLine: {'line': b'running egg_info\n'}
[0.879647] (rosboard) StdoutLine: {'line': b'writing build/rosboard/rosboard.egg-info/PKG-INFO\n'}
[0.881794] (rosboard) StdoutLine: {'line': b'writing dependency_links to build/rosboard/rosboard.egg-info/dependency_links.txt\n'}
[0.881878] (rosboard) StdoutLine: {'line': b'writing entry points to build/rosboard/rosboard.egg-info/entry_points.txt\n'}
[0.881975] (rosboard) StdoutLine: {'line': b'writing requirements to build/rosboard/rosboard.egg-info/requires.txt\n'}
[0.882045] (rosboard) StdoutLine: {'line': b'writing top-level names to build/rosboard/rosboard.egg-info/top_level.txt\n'}
[0.901667] (-) TimerEvent: {}
[0.911496] (rosboard) StdoutLine: {'line': b"reading manifest file 'build/rosboard/rosboard.egg-info/SOURCES.txt'\n"}
[0.912282] (rosboard) StdoutLine: {'line': b"adding license file 'LICENSE'\n"}
[0.913643] (rosboard) StdoutLine: {'line': b"writing manifest file 'build/rosboard/rosboard.egg-info/SOURCES.txt'\n"}
[0.913731] (rosboard) StdoutLine: {'line': b'running build\n'}
[0.913766] (rosboard) StdoutLine: {'line': b'running build_py\n'}
[0.919648] (rosboard) StdoutLine: {'line': b'running install\n'}
[0.922480] (rosboard) StdoutLine: {'line': b'running install_lib\n'}
[0.939010] (rosboard) StdoutLine: {'line': b'running install_data\n'}
[0.939694] (rosboard) StdoutLine: {'line': b'running install_egg_info\n'}
[0.953457] (rosboard) StdoutLine: {'line': b"removing '/home/nopal/dash_hybrid/rosboard-main/install/rosboard/lib/python3.10/site-packages/rosboard-1.3.1-py3.10.egg-info' (and everything under it)\n"}
[0.953908] (rosboard) StdoutLine: {'line': b'Copying build/rosboard/rosboard.egg-info to /home/nopal/dash_hybrid/rosboard-main/install/rosboard/lib/python3.10/site-packages/rosboard-1.3.1-py3.10.egg-info\n'}
[0.954406] (rosboard) StdoutLine: {'line': b'running install_scripts\n'}
[1.001777] (-) TimerEvent: {}
[1.063635] (rosboard) StdoutLine: {'line': b'Installing rosboard_node script to /home/nopal/dash_hybrid/rosboard-main/install/rosboard/lib/rosboard\n'}
[1.066192] (rosboard) StdoutLine: {'line': b"writing list of installed files to '/home/nopal/dash_hybrid/rosboard-main/build/rosboard/install.log'\n"}
[1.085624] (rosboard) CommandEnded: {'returncode': 0}
[1.094850] (rosboard) JobEnded: {'identifier': 'rosboard', 'rc': 0}
[1.095284] (-) EventReactorShutdown: {}
